<?xml version="1.0" encoding="UTF-8"?>
<!-- Generated by org.testng.reporters.JUnitReportReporter -->
<testsuite hostname="retina.dellroad.org" name="org.dellroad.hl7.HL7MessageTest" tests="94" failures="0" timestamp="10 Dec 2015 18:17:33 GMT" time="0.019" errors="0">
  <testcase name="testGet" time="0.000" classname="org.dellroad.hl7.HL7MessageTest"/>
  <testcase name="testGetField" time="0.000" classname="org.dellroad.hl7.HL7MessageTest"/>
  <testcase name="testGet" time="0.000" classname="org.dellroad.hl7.HL7MessageTest"/>
  <testcase name="testGet" time="0.000" classname="org.dellroad.hl7.HL7MessageTest"/>
  <testcase name="testGetField" time="0.001" classname="org.dellroad.hl7.HL7MessageTest"/>
  <testcase name="testGet" time="0.000" classname="org.dellroad.hl7.HL7MessageTest"/>
  <testcase name="testGet" time="0.001" classname="org.dellroad.hl7.HL7MessageTest"/>
  <testcase name="testGetField" time="0.000" classname="org.dellroad.hl7.HL7MessageTest"/>
  <testcase name="testGet" time="0.000" classname="org.dellroad.hl7.HL7MessageTest"/>
  <testcase name="testGet" time="0.000" classname="org.dellroad.hl7.HL7MessageTest"/>
  <testcase name="testGet" time="0.002" classname="org.dellroad.hl7.HL7MessageTest"/>
  <testcase name="testGet" time="0.001" classname="org.dellroad.hl7.HL7MessageTest"/>
  <testcase name="testGetField" time="0.000" classname="org.dellroad.hl7.HL7MessageTest"/>
  <testcase name="testGet" time="0.000" classname="org.dellroad.hl7.HL7MessageTest"/>
  <testcase name="testGet" time="0.001" classname="org.dellroad.hl7.HL7MessageTest"/>
  <testcase name="testGetField" time="0.000" classname="org.dellroad.hl7.HL7MessageTest"/>
  <testcase name="testGet" time="0.000" classname="org.dellroad.hl7.HL7MessageTest"/>
  <testcase name="testHBOCWorkaround" time="0.001" classname="org.dellroad.hl7.HL7MessageTest"/>
  <testcase name="testGet" time="0.000" classname="org.dellroad.hl7.HL7MessageTest"/>
  <testcase name="testGet" time="0.000" classname="org.dellroad.hl7.HL7MessageTest"/>
  <testcase name="testGet" time="0.000" classname="org.dellroad.hl7.HL7MessageTest"/>
  <testcase name="testGet" time="0.000" classname="org.dellroad.hl7.HL7MessageTest"/>
  <testcase name="testGet" time="0.000" classname="org.dellroad.hl7.HL7MessageTest"/>
  <testcase name="testGet" time="0.000" classname="org.dellroad.hl7.HL7MessageTest"/>
  <testcase name="testGet" time="0.000" classname="org.dellroad.hl7.HL7MessageTest"/>
  <testcase name="testGet" time="0.000" classname="org.dellroad.hl7.HL7MessageTest"/>
  <testcase name="testGetField" time="0.000" classname="org.dellroad.hl7.HL7MessageTest"/>
  <testcase name="testGetField" time="0.000" classname="org.dellroad.hl7.HL7MessageTest"/>
  <testcase name="testGetField" time="0.000" classname="org.dellroad.hl7.HL7MessageTest"/>
  <testcase name="testGet" time="0.000" classname="org.dellroad.hl7.HL7MessageTest"/>
  <testcase name="testGet" time="0.001" classname="org.dellroad.hl7.HL7MessageTest"/>
  <testcase name="testGet" time="0.001" classname="org.dellroad.hl7.HL7MessageTest"/>
  <testcase name="testGet" time="0.000" classname="org.dellroad.hl7.HL7MessageTest"/>
  <testcase name="testGet" time="0.000" classname="org.dellroad.hl7.HL7MessageTest"/>
  <testcase name="testGetField" time="0.000" classname="org.dellroad.hl7.HL7MessageTest"/>
  <testcase name="testGet" time="0.000" classname="org.dellroad.hl7.HL7MessageTest"/>
  <testcase name="testGetField" time="0.001" classname="org.dellroad.hl7.HL7MessageTest"/>
  <testcase name="testGet" time="0.000" classname="org.dellroad.hl7.HL7MessageTest"/>
  <testcase name="testGet" time="0.000" classname="org.dellroad.hl7.HL7MessageTest"/>
  <testcase name="testGetField" time="0.000" classname="org.dellroad.hl7.HL7MessageTest"/>
  <testcase name="testGetField" time="0.000" classname="org.dellroad.hl7.HL7MessageTest"/>
  <testcase name="testGet" time="0.000" classname="org.dellroad.hl7.HL7MessageTest"/>
  <testcase name="testGetField" time="0.000" classname="org.dellroad.hl7.HL7MessageTest"/>
  <testcase name="testGet" time="0.000" classname="org.dellroad.hl7.HL7MessageTest"/>
  <testcase name="testGetField" time="0.000" classname="org.dellroad.hl7.HL7MessageTest"/>
  <testcase name="testGet" time="0.000" classname="org.dellroad.hl7.HL7MessageTest"/>
  <testcase name="testGet" time="0.001" classname="org.dellroad.hl7.HL7MessageTest"/>
  <testcase name="testGet" time="0.000" classname="org.dellroad.hl7.HL7MessageTest"/>
  <testcase name="testGet" time="0.000" classname="org.dellroad.hl7.HL7MessageTest"/>
  <testcase name="testGet" time="0.000" classname="org.dellroad.hl7.HL7MessageTest"/>
  <testcase name="testGet" time="0.000" classname="org.dellroad.hl7.HL7MessageTest"/>
  <testcase name="testGet" time="0.000" classname="org.dellroad.hl7.HL7MessageTest"/>
  <testcase name="testGet" time="0.000" classname="org.dellroad.hl7.HL7MessageTest"/>
  <testcase name="testGet" time="0.000" classname="org.dellroad.hl7.HL7MessageTest"/>
  <testcase name="testGetField" time="0.000" classname="org.dellroad.hl7.HL7MessageTest"/>
  <testcase name="testGet" time="0.000" classname="org.dellroad.hl7.HL7MessageTest"/>
  <testcase name="testGet" time="0.000" classname="org.dellroad.hl7.HL7MessageTest"/>
  <testcase name="testGet" time="0.000" classname="org.dellroad.hl7.HL7MessageTest"/>
  <testcase name="testGet" time="0.000" classname="org.dellroad.hl7.HL7MessageTest"/>
  <testcase name="testGetField" time="0.000" classname="org.dellroad.hl7.HL7MessageTest"/>
  <testcase name="testGet" time="0.000" classname="org.dellroad.hl7.HL7MessageTest"/>
  <testcase name="testGet" time="0.000" classname="org.dellroad.hl7.HL7MessageTest"/>
  <testcase name="testGet" time="0.000" classname="org.dellroad.hl7.HL7MessageTest"/>
  <testcase name="testGet" time="0.001" classname="org.dellroad.hl7.HL7MessageTest"/>
  <testcase name="testFindSegment" time="0.000" classname="org.dellroad.hl7.HL7MessageTest"/>
  <testcase name="testGet" time="0.000" classname="org.dellroad.hl7.HL7MessageTest"/>
  <testcase name="testGetField" time="0.000" classname="org.dellroad.hl7.HL7MessageTest"/>
  <testcase name="testGetField" time="0.000" classname="org.dellroad.hl7.HL7MessageTest"/>
  <testcase name="testGet" time="0.000" classname="org.dellroad.hl7.HL7MessageTest"/>
  <testcase name="testGet" time="0.000" classname="org.dellroad.hl7.HL7MessageTest"/>
  <testcase name="testGet" time="0.000" classname="org.dellroad.hl7.HL7MessageTest"/>
  <testcase name="testGet" time="0.000" classname="org.dellroad.hl7.HL7MessageTest"/>
  <testcase name="testGetField" time="0.000" classname="org.dellroad.hl7.HL7MessageTest"/>
  <testcase name="testGet" time="0.000" classname="org.dellroad.hl7.HL7MessageTest"/>
  <testcase name="testGet" time="0.001" classname="org.dellroad.hl7.HL7MessageTest"/>
  <testcase name="testGet" time="0.000" classname="org.dellroad.hl7.HL7MessageTest"/>
  <testcase name="testGet" time="0.000" classname="org.dellroad.hl7.HL7MessageTest"/>
  <testcase name="testGet" time="0.000" classname="org.dellroad.hl7.HL7MessageTest"/>
  <testcase name="testGet" time="0.000" classname="org.dellroad.hl7.HL7MessageTest"/>
  <testcase name="testGet" time="0.000" classname="org.dellroad.hl7.HL7MessageTest"/>
  <testcase name="testGet" time="0.000" classname="org.dellroad.hl7.HL7MessageTest"/>
  <testcase name="testGetField" time="0.001" classname="org.dellroad.hl7.HL7MessageTest"/>
  <testcase name="testParseConstructor" time="0.003" classname="org.dellroad.hl7.HL7MessageTest"/>
  <testcase name="testGet" time="0.000" classname="org.dellroad.hl7.HL7MessageTest"/>
  <testcase name="testGet" time="0.000" classname="org.dellroad.hl7.HL7MessageTest"/>
  <testcase name="testGet" time="0.000" classname="org.dellroad.hl7.HL7MessageTest"/>
  <testcase name="testGet" time="0.000" classname="org.dellroad.hl7.HL7MessageTest"/>
  <testcase name="testGet" time="0.000" classname="org.dellroad.hl7.HL7MessageTest"/>
  <testcase name="testGet" time="0.000" classname="org.dellroad.hl7.HL7MessageTest"/>
  <testcase name="testGet" time="0.001" classname="org.dellroad.hl7.HL7MessageTest"/>
  <testcase name="testGetField" time="0.000" classname="org.dellroad.hl7.HL7MessageTest"/>
  <testcase name="testGet" time="0.001" classname="org.dellroad.hl7.HL7MessageTest"/>
  <testcase name="testGet" time="0.000" classname="org.dellroad.hl7.HL7MessageTest"/>
  <testcase name="testGet" time="0.000" classname="org.dellroad.hl7.HL7MessageTest"/>
</testsuite> <!-- org.dellroad.hl7.HL7MessageTest -->
