<?xml version="1.0" encoding="UTF-8"?>
<testng-results skipped="0" failed="0" total="223" passed="223">
  <reporter-output>
  </reporter-output>
  <suite name="Unit Test Suite" duration-ms="208" started-at="2014-09-19T19:05:42Z" finished-at="2014-09-19T19:05:42Z">
    <groups>
    </groups>
    <test name="Unit Tests" duration-ms="208" started-at="2014-09-19T19:05:42Z" finished-at="2014-09-19T19:05:42Z">
      <class name="org.dellroad.hl7.XMLConverterTest">
        <test-method status="PASS" signature="loadMessage()[pri:0, instance:org.dellroad.hl7.XMLConverterTest@22cb855e]" name="loadMessage" is-config="true" duration-ms="1" started-at="2014-09-19T14:05:42Z" finished-at="2014-09-19T14:05:42Z">
          <reporter-output>
          </reporter-output>
        </test-method> <!-- loadMessage -->
        <test-method status="PASS" signature="testXML(boolean, java.lang.String)[pri:0, instance:org.dellroad.hl7.XMLConverterTest@22cb855e]" name="testXML" duration-ms="78" started-at="2014-09-19T14:05:42Z" data-provider="xmlTests" finished-at="2014-09-19T14:05:42Z">
          <params>
            <param index="0">
              <value>
                <![CDATA[true]]>
              </value>
            </param>
            <param index="1">
              <value>
                <![CDATA[output3.xml]]>
              </value>
            </param>
          </params>
          <reporter-output>
          </reporter-output>
        </test-method> <!-- testXML -->
        <test-method status="PASS" signature="testXML(boolean, java.lang.String)[pri:0, instance:org.dellroad.hl7.XMLConverterTest@22cb855e]" name="testXML" duration-ms="6" started-at="2014-09-19T14:05:42Z" data-provider="xmlTests" finished-at="2014-09-19T14:05:42Z">
          <params>
            <param index="0">
              <value>
                <![CDATA[false]]>
              </value>
            </param>
            <param index="1">
              <value>
                <![CDATA[output3-verbose.xml]]>
              </value>
            </param>
          </params>
          <reporter-output>
          </reporter-output>
        </test-method> <!-- testXML -->
      </class> <!-- org.dellroad.hl7.XMLConverterTest -->
      <class name="org.dellroad.hl7.HL7SegmentTest">
        <test-method status="PASS" signature="testParseConstructor(java.lang.String, org.dellroad.hl7.HL7Segment)[pri:0, instance:org.dellroad.hl7.HL7SegmentTest@53424146]" name="testParseConstructor" duration-ms="1" started-at="2014-09-19T14:05:42Z" data-provider="getParseData" finished-at="2014-09-19T14:05:42Z">
          <params>
            <param index="0">
              <value>
                <![CDATA[A]]>
              </value>
            </param>
            <param index="1">
              <value is-null="true"/>
            </param>
          </params>
          <reporter-output>
          </reporter-output>
        </test-method> <!-- testParseConstructor -->
        <test-method status="PASS" signature="testInvalid()[pri:0, instance:org.dellroad.hl7.HL7SegmentTest@53424146]" name="testInvalid" duration-ms="0" started-at="2014-09-19T14:05:42Z" finished-at="2014-09-19T14:05:42Z">
          <reporter-output>
          </reporter-output>
        </test-method> <!-- testInvalid -->
        <test-method status="PASS" signature="testParseConstructor(java.lang.String, org.dellroad.hl7.HL7Segment)[pri:0, instance:org.dellroad.hl7.HL7SegmentTest@53424146]" name="testParseConstructor" duration-ms="0" started-at="2014-09-19T14:05:42Z" data-provider="getParseData" finished-at="2014-09-19T14:05:42Z">
          <params>
            <param index="0">
              <value>
                <![CDATA[ABC|DEF]]>
              </value>
            </param>
            <param index="1">
              <value>
                <![CDATA[ABC|DEF]]>
              </value>
            </param>
          </params>
          <reporter-output>
          </reporter-output>
        </test-method> <!-- testParseConstructor -->
        <test-method status="PASS" signature="testParseConstructor(java.lang.String, org.dellroad.hl7.HL7Segment)[pri:0, instance:org.dellroad.hl7.HL7SegmentTest@53424146]" name="testParseConstructor" duration-ms="0" started-at="2014-09-19T14:05:42Z" data-provider="getParseData" finished-at="2014-09-19T14:05:42Z">
          <params>
            <param index="0">
              <value>
                <![CDATA[AB]]>
              </value>
            </param>
            <param index="1">
              <value is-null="true"/>
            </param>
          </params>
          <reporter-output>
          </reporter-output>
        </test-method> <!-- testParseConstructor -->
        <test-method status="PASS" signature="testParseConstructor(java.lang.String, org.dellroad.hl7.HL7Segment)[pri:0, instance:org.dellroad.hl7.HL7SegmentTest@53424146]" name="testParseConstructor" duration-ms="0" started-at="2014-09-19T14:05:42Z" data-provider="getParseData" finished-at="2014-09-19T14:05:42Z">
          <params>
            <param index="0">
              <value>
                <![CDATA[]]>
              </value>
            </param>
            <param index="1">
              <value is-null="true"/>
            </param>
          </params>
          <reporter-output>
          </reporter-output>
        </test-method> <!-- testParseConstructor -->
        <test-method status="PASS" signature="testParseConstructor(java.lang.String, org.dellroad.hl7.HL7Segment)[pri:0, instance:org.dellroad.hl7.HL7SegmentTest@53424146]" name="testParseConstructor" duration-ms="0" started-at="2014-09-19T14:05:42Z" data-provider="getParseData" finished-at="2014-09-19T14:05:42Z">
          <params>
            <param index="0">
              <value>
                <![CDATA[ABC|DEF^GHI|JKL]]>
              </value>
            </param>
            <param index="1">
              <value>
                <![CDATA[ABC|DEF^GHI|JKL]]>
              </value>
            </param>
          </params>
          <reporter-output>
          </reporter-output>
        </test-method> <!-- testParseConstructor -->
        <test-method status="PASS" signature="testParseConstructor(java.lang.String, org.dellroad.hl7.HL7Segment)[pri:0, instance:org.dellroad.hl7.HL7SegmentTest@53424146]" name="testParseConstructor" duration-ms="0" started-at="2014-09-19T14:05:42Z" data-provider="getParseData" finished-at="2014-09-19T14:05:42Z">
          <params>
            <param index="0">
              <value>
                <![CDATA[
]]>
              </value>
            </param>
            <param index="1">
              <value is-null="true"/>
            </param>
          </params>
          <reporter-output>
          </reporter-output>
        </test-method> <!-- testParseConstructor -->
        <test-method status="PASS" signature="testParseConstructor(java.lang.String, org.dellroad.hl7.HL7Segment)[pri:0, instance:org.dellroad.hl7.HL7SegmentTest@53424146]" name="testParseConstructor" duration-ms="0" started-at="2014-09-19T14:05:42Z" data-provider="getParseData" finished-at="2014-09-19T14:05:42Z">
          <params>
            <param index="0">
              <value>
                <![CDATA[ABCD]]>
              </value>
            </param>
            <param index="1">
              <value is-null="true"/>
            </param>
          </params>
          <reporter-output>
          </reporter-output>
        </test-method> <!-- testParseConstructor -->
      </class> <!-- org.dellroad.hl7.HL7SegmentTest -->
      <class name="org.dellroad.hl7.io.HL7FileReaderTest">
        <test-method status="PASS" signature="loadMessages()[pri:0, instance:org.dellroad.hl7.io.HL7FileReaderTest@764985ce]" name="loadMessages" is-config="true" duration-ms="13" started-at="2014-09-19T14:05:42Z" finished-at="2014-09-19T14:05:42Z">
          <reporter-output>
          </reporter-output>
        </test-method> <!-- loadMessages -->
        <test-method status="PASS" signature="testInput()[pri:0, instance:org.dellroad.hl7.io.HL7FileReaderTest@764985ce]" name="testInput" duration-ms="5" started-at="2014-09-19T14:05:42Z" finished-at="2014-09-19T14:05:42Z">
          <reporter-output>
          </reporter-output>
        </test-method> <!-- testInput -->
      </class> <!-- org.dellroad.hl7.io.HL7FileReaderTest -->
      <class name="org.dellroad.hl7.llp.LLPStreamTest">
        <test-method status="PASS" signature="loadMessages()[pri:0, instance:org.dellroad.hl7.llp.LLPStreamTest@54efd40d]" name="loadMessages" is-config="true" duration-ms="2" started-at="2014-09-19T14:05:42Z" finished-at="2014-09-19T14:05:42Z">
          <reporter-output>
          </reporter-output>
        </test-method> <!-- loadMessages -->
        <test-method status="PASS" signature="createTempFile()[pri:0, instance:org.dellroad.hl7.llp.LLPStreamTest@54efd40d]" name="createTempFile" is-config="true" duration-ms="0" started-at="2014-09-19T14:05:42Z" finished-at="2014-09-19T14:05:42Z">
          <reporter-output>
          </reporter-output>
        </test-method> <!-- createTempFile -->
        <test-method status="PASS" signature="testOutput()[pri:0, instance:org.dellroad.hl7.llp.LLPStreamTest@54efd40d]" name="testOutput" duration-ms="2" started-at="2014-09-19T14:05:42Z" finished-at="2014-09-19T14:05:42Z">
          <reporter-output>
          </reporter-output>
        </test-method> <!-- testOutput -->
        <test-method status="PASS" signature="testInput()[pri:0, instance:org.dellroad.hl7.llp.LLPStreamTest@54efd40d]" name="testInput" duration-ms="3" started-at="2014-09-19T14:05:42Z" depends-on-methods="org.dellroad.hl7.llp.LLPStreamTest.testOutput" finished-at="2014-09-19T14:05:42Z">
          <reporter-output>
          </reporter-output>
        </test-method> <!-- testInput -->
        <test-method status="PASS" signature="testMaxLength()[pri:0, instance:org.dellroad.hl7.llp.LLPStreamTest@54efd40d]" name="testMaxLength" duration-ms="1" started-at="2014-09-19T14:05:42Z" depends-on-methods="org.dellroad.hl7.llp.LLPStreamTest.testOutput" finished-at="2014-09-19T14:05:42Z">
          <reporter-output>
          </reporter-output>
        </test-method> <!-- testMaxLength -->
        <test-method status="PASS" signature="deleteTempFile()[pri:0, instance:org.dellroad.hl7.llp.LLPStreamTest@54efd40d]" name="deleteTempFile" is-config="true" duration-ms="0" started-at="2014-09-19T14:05:42Z" finished-at="2014-09-19T14:05:42Z">
          <reporter-output>
          </reporter-output>
        </test-method> <!-- deleteTempFile -->
      </class> <!-- org.dellroad.hl7.llp.LLPStreamTest -->
      <class name="org.dellroad.hl7.MSHSegmentTest">
        <test-method status="PASS" signature="loadMessages()[pri:0, instance:org.dellroad.hl7.MSHSegmentTest@5bed1e7e]" name="loadMessages" is-config="true" duration-ms="4" started-at="2014-09-19T14:05:42Z" finished-at="2014-09-19T14:05:42Z">
          <reporter-output>
          </reporter-output>
        </test-method> <!-- loadMessages -->
        <test-method status="PASS" signature="testInvalid()[pri:0, instance:org.dellroad.hl7.MSHSegmentTest@5bed1e7e]" name="testInvalid" duration-ms="0" started-at="2014-09-19T14:05:42Z" finished-at="2014-09-19T14:05:42Z">
          <reporter-output>
          </reporter-output>
        </test-method> <!-- testInvalid -->
        <test-method status="PASS" signature="testFields(int, java.lang.String)[pri:0, instance:org.dellroad.hl7.MSHSegmentTest@5bed1e7e]" name="testFields" duration-ms="0" started-at="2014-09-19T14:05:42Z" data-provider="fieldNames" finished-at="2014-09-19T14:05:42Z">
          <params>
            <param index="0">
              <value>
                <![CDATA[5]]>
              </value>
            </param>
            <param index="1">
              <value>
                <![CDATA[ReceivingApplication]]>
              </value>
            </param>
          </params>
          <reporter-output>
          </reporter-output>
        </test-method> <!-- testFields -->
        <test-method status="PASS" signature="testFields(int, java.lang.String)[pri:0, instance:org.dellroad.hl7.MSHSegmentTest@5bed1e7e]" name="testFields" duration-ms="0" started-at="2014-09-19T14:05:42Z" data-provider="fieldNames" finished-at="2014-09-19T14:05:42Z">
          <params>
            <param index="0">
              <value>
                <![CDATA[6]]>
              </value>
            </param>
            <param index="1">
              <value>
                <![CDATA[ReceivingFacility]]>
              </value>
            </param>
          </params>
          <reporter-output>
          </reporter-output>
        </test-method> <!-- testFields -->
        <test-method status="PASS" signature="testFields(int, java.lang.String)[pri:0, instance:org.dellroad.hl7.MSHSegmentTest@5bed1e7e]" name="testFields" duration-ms="0" started-at="2014-09-19T14:05:42Z" data-provider="fieldNames" finished-at="2014-09-19T14:05:42Z">
          <params>
            <param index="0">
              <value>
                <![CDATA[3]]>
              </value>
            </param>
            <param index="1">
              <value>
                <![CDATA[SendingApplication]]>
              </value>
            </param>
          </params>
          <reporter-output>
          </reporter-output>
        </test-method> <!-- testFields -->
        <test-method status="PASS" signature="testFields(int, java.lang.String)[pri:0, instance:org.dellroad.hl7.MSHSegmentTest@5bed1e7e]" name="testFields" duration-ms="0" started-at="2014-09-19T14:05:42Z" data-provider="fieldNames" finished-at="2014-09-19T14:05:42Z">
          <params>
            <param index="0">
              <value>
                <![CDATA[4]]>
              </value>
            </param>
            <param index="1">
              <value>
                <![CDATA[SendingFacility]]>
              </value>
            </param>
          </params>
          <reporter-output>
          </reporter-output>
        </test-method> <!-- testFields -->
        <test-method status="PASS" signature="testFields(int, java.lang.String)[pri:0, instance:org.dellroad.hl7.MSHSegmentTest@5bed1e7e]" name="testFields" duration-ms="1" started-at="2014-09-19T14:05:42Z" data-provider="fieldNames" finished-at="2014-09-19T14:05:42Z">
          <params>
            <param index="0">
              <value>
                <![CDATA[7]]>
              </value>
            </param>
            <param index="1">
              <value>
                <![CDATA[Timestamp]]>
              </value>
            </param>
          </params>
          <reporter-output>
          </reporter-output>
        </test-method> <!-- testFields -->
        <test-method status="PASS" signature="testFields(int, java.lang.String)[pri:0, instance:org.dellroad.hl7.MSHSegmentTest@5bed1e7e]" name="testFields" duration-ms="0" started-at="2014-09-19T14:05:42Z" data-provider="fieldNames" finished-at="2014-09-19T14:05:42Z">
          <params>
            <param index="0">
              <value>
                <![CDATA[10]]>
              </value>
            </param>
            <param index="1">
              <value>
                <![CDATA[ControlID]]>
              </value>
            </param>
          </params>
          <reporter-output>
          </reporter-output>
        </test-method> <!-- testFields -->
        <test-method status="PASS" signature="testFields(int, java.lang.String)[pri:0, instance:org.dellroad.hl7.MSHSegmentTest@5bed1e7e]" name="testFields" duration-ms="0" started-at="2014-09-19T14:05:42Z" data-provider="fieldNames" finished-at="2014-09-19T14:05:42Z">
          <params>
            <param index="0">
              <value>
                <![CDATA[12]]>
              </value>
            </param>
            <param index="1">
              <value>
                <![CDATA[VersionID]]>
              </value>
            </param>
          </params>
          <reporter-output>
          </reporter-output>
        </test-method> <!-- testFields -->
        <test-method status="PASS" signature="testFields(int, java.lang.String)[pri:0, instance:org.dellroad.hl7.MSHSegmentTest@5bed1e7e]" name="testFields" duration-ms="0" started-at="2014-09-19T14:05:42Z" data-provider="fieldNames" finished-at="2014-09-19T14:05:42Z">
          <params>
            <param index="0">
              <value>
                <![CDATA[9]]>
              </value>
            </param>
            <param index="1">
              <value>
                <![CDATA[MessageType]]>
              </value>
            </param>
          </params>
          <reporter-output>
          </reporter-output>
        </test-method> <!-- testFields -->
        <test-method status="PASS" signature="testFields(int, java.lang.String)[pri:0, instance:org.dellroad.hl7.MSHSegmentTest@5bed1e7e]" name="testFields" duration-ms="0" started-at="2014-09-19T14:05:42Z" data-provider="fieldNames" finished-at="2014-09-19T14:05:42Z">
          <params>
            <param index="0">
              <value>
                <![CDATA[11]]>
              </value>
            </param>
            <param index="1">
              <value>
                <![CDATA[ProcessingID]]>
              </value>
            </param>
          </params>
          <reporter-output>
          </reporter-output>
        </test-method> <!-- testFields -->
        <test-method status="PASS" signature="testParseConstructor(java.lang.String, org.dellroad.hl7.MSHSegment)[pri:0, instance:org.dellroad.hl7.MSHSegmentTest@5bed1e7e]" name="testParseConstructor" duration-ms="0" started-at="2014-09-19T14:05:42Z" data-provider="getParseData" finished-at="2014-09-19T14:05:42Z">
          <params>
            <param index="0">
              <value>
                <![CDATA[MSHabcde]]>
              </value>
            </param>
            <param index="1">
              <value>
                <![CDATA[MSHabcde]]>
              </value>
            </param>
          </params>
          <reporter-output>
          </reporter-output>
        </test-method> <!-- testParseConstructor -->
        <test-method status="PASS" signature="testParseConstructor(java.lang.String, org.dellroad.hl7.MSHSegment)[pri:0, instance:org.dellroad.hl7.MSHSegmentTest@5bed1e7e]" name="testParseConstructor" duration-ms="1" started-at="2014-09-19T14:05:42Z" data-provider="getParseData" finished-at="2014-09-19T14:05:42Z">
          <params>
            <param index="0">
              <value>
                <![CDATA[MSHabcd]]>
              </value>
            </param>
            <param index="1">
              <value>
                <![CDATA[MSHabcd]]>
              </value>
            </param>
          </params>
          <reporter-output>
          </reporter-output>
        </test-method> <!-- testParseConstructor -->
        <test-method status="PASS" signature="testParseConstructor(java.lang.String, org.dellroad.hl7.MSHSegment)[pri:0, instance:org.dellroad.hl7.MSHSegmentTest@5bed1e7e]" name="testParseConstructor" duration-ms="0" started-at="2014-09-19T14:05:42Z" data-provider="getParseData" finished-at="2014-09-19T14:05:42Z">
          <params>
            <param index="0">
              <value>
                <![CDATA[FOO|^~\&]]>
              </value>
            </param>
            <param index="1">
              <value is-null="true"/>
            </param>
          </params>
          <reporter-output>
          </reporter-output>
        </test-method> <!-- testParseConstructor -->
        <test-method status="PASS" signature="testParseConstructor(java.lang.String, org.dellroad.hl7.MSHSegment)[pri:0, instance:org.dellroad.hl7.MSHSegmentTest@5bed1e7e]" name="testParseConstructor" duration-ms="0" started-at="2014-09-19T14:05:42Z" data-provider="getParseData" finished-at="2014-09-19T14:05:42Z">
          <params>
            <param index="0">
              <value>
                <![CDATA[MSH]]>
              </value>
            </param>
            <param index="1">
              <value is-null="true"/>
            </param>
          </params>
          <reporter-output>
          </reporter-output>
        </test-method> <!-- testParseConstructor -->
        <test-method status="PASS" signature="testParseConstructor(java.lang.String, org.dellroad.hl7.MSHSegment)[pri:0, instance:org.dellroad.hl7.MSHSegmentTest@5bed1e7e]" name="testParseConstructor" duration-ms="1" started-at="2014-09-19T14:05:42Z" data-provider="getParseData" finished-at="2014-09-19T14:05:42Z">
          <params>
            <param index="0">
              <value>
                <![CDATA[MSH|^~\&]]>
              </value>
            </param>
            <param index="1">
              <value>
                <![CDATA[MSH|^~\&]]>
              </value>
            </param>
          </params>
          <reporter-output>
          </reporter-output>
        </test-method> <!-- testParseConstructor -->
        <test-method status="PASS" signature="testParseConstructor(java.lang.String, org.dellroad.hl7.MSHSegment)[pri:0, instance:org.dellroad.hl7.MSHSegmentTest@5bed1e7e]" name="testParseConstructor" duration-ms="0" started-at="2014-09-19T14:05:42Z" data-provider="getParseData" finished-at="2014-09-19T14:05:42Z">
          <params>
            <param index="0">
              <value>
                <![CDATA[MSHa]]>
              </value>
            </param>
            <param index="1">
              <value is-null="true"/>
            </param>
          </params>
          <reporter-output>
          </reporter-output>
        </test-method> <!-- testParseConstructor -->
        <test-method status="PASS" signature="testParseConstructor(java.lang.String, org.dellroad.hl7.MSHSegment)[pri:0, instance:org.dellroad.hl7.MSHSegmentTest@5bed1e7e]" name="testParseConstructor" duration-ms="0" started-at="2014-09-19T14:05:42Z" data-provider="getParseData" finished-at="2014-09-19T14:05:42Z">
          <params>
            <param index="0">
              <value>
                <![CDATA[MSHabc]]>
              </value>
            </param>
            <param index="1">
              <value>
                <![CDATA[MSHabc]]>
              </value>
            </param>
          </params>
          <reporter-output>
          </reporter-output>
        </test-method> <!-- testParseConstructor -->
        <test-method status="PASS" signature="testParseConstructor(java.lang.String, org.dellroad.hl7.MSHSegment)[pri:0, instance:org.dellroad.hl7.MSHSegmentTest@5bed1e7e]" name="testParseConstructor" duration-ms="0" started-at="2014-09-19T14:05:42Z" data-provider="getParseData" finished-at="2014-09-19T14:05:42Z">
          <params>
            <param index="0">
              <value>
                <![CDATA[MSHab]]>
              </value>
            </param>
            <param index="1">
              <value is-null="true"/>
            </param>
          </params>
          <reporter-output>
          </reporter-output>
        </test-method> <!-- testParseConstructor -->
        <test-method status="PASS" signature="testParseConstructor(java.lang.String, org.dellroad.hl7.MSHSegment)[pri:0, instance:org.dellroad.hl7.MSHSegmentTest@5bed1e7e]" name="testParseConstructor" duration-ms="0" started-at="2014-09-19T14:05:42Z" data-provider="getParseData" finished-at="2014-09-19T14:05:42Z">
          <params>
            <param index="0">
              <value>
                <![CDATA[MSHabcdef]]>
              </value>
            </param>
            <param index="1">
              <value is-null="true"/>
            </param>
          </params>
          <reporter-output>
          </reporter-output>
        </test-method> <!-- testParseConstructor -->
        <test-method status="PASS" signature="testParseConstructor(java.lang.String, org.dellroad.hl7.MSHSegment)[pri:0, instance:org.dellroad.hl7.MSHSegmentTest@5bed1e7e]" name="testParseConstructor" duration-ms="0" started-at="2014-09-19T14:05:42Z" data-provider="getParseData" finished-at="2014-09-19T14:05:42Z">
          <params>
            <param index="0">
              <value>
                <![CDATA[MSH|^^]]>
              </value>
            </param>
            <param index="1">
              <value is-null="true"/>
            </param>
          </params>
          <reporter-output>
          </reporter-output>
        </test-method> <!-- testParseConstructor -->
        <test-method status="PASS" signature="testConstructor()[pri:0, instance:org.dellroad.hl7.MSHSegmentTest@5bed1e7e]" name="testConstructor" duration-ms="1" started-at="2014-09-19T14:05:42Z" finished-at="2014-09-19T14:05:42Z">
          <reporter-output>
          </reporter-output>
        </test-method> <!-- testConstructor -->
        <test-method status="PASS" signature="testParseConstructor(java.lang.String, org.dellroad.hl7.MSHSegment)[pri:0, instance:org.dellroad.hl7.MSHSegmentTest@5bed1e7e]" name="testParseConstructor" duration-ms="0" started-at="2014-09-19T14:05:42Z" data-provider="getParseData" finished-at="2014-09-19T14:05:42Z">
          <params>
            <param index="0">
              <value>
                <![CDATA[MSH|^|]]>
              </value>
            </param>
            <param index="1">
              <value is-null="true"/>
            </param>
          </params>
          <reporter-output>
          </reporter-output>
        </test-method> <!-- testParseConstructor -->
        <test-method status="PASS" signature="testParseConstructor(java.lang.String, org.dellroad.hl7.MSHSegment)[pri:0, instance:org.dellroad.hl7.MSHSegmentTest@5bed1e7e]" name="testParseConstructor" duration-ms="0" started-at="2014-09-19T14:05:42Z" data-provider="getParseData" finished-at="2014-09-19T14:05:42Z">
          <params>
            <param index="0">
              <value>
                <![CDATA[MSH|^~\&|3|4|5|6|7|8|9||11]]>
              </value>
            </param>
            <param index="1">
              <value>
                <![CDATA[MSH|^~\&|3|4|5|6|7|8|9||11]]>
              </value>
            </param>
          </params>
          <reporter-output>
          </reporter-output>
        </test-method> <!-- testParseConstructor -->
        <test-method status="PASS" signature="testCopyConstructor()[pri:0, instance:org.dellroad.hl7.MSHSegmentTest@5bed1e7e]" name="testCopyConstructor" duration-ms="0" started-at="2014-09-19T14:05:42Z" finished-at="2014-09-19T14:05:42Z">
          <reporter-output>
          </reporter-output>
        </test-method> <!-- testCopyConstructor -->
        <test-method status="PASS" signature="testACK()[pri:0, instance:org.dellroad.hl7.MSHSegmentTest@5bed1e7e]" name="testACK" duration-ms="16" started-at="2014-09-19T14:05:42Z" finished-at="2014-09-19T14:05:42Z">
          <reporter-output>
          </reporter-output>
        </test-method> <!-- testACK -->
      </class> <!-- org.dellroad.hl7.MSHSegmentTest -->
      <class name="org.dellroad.hl7.HL7MessageTest">
        <test-method status="PASS" signature="loadMessages()[pri:0, instance:org.dellroad.hl7.HL7MessageTest@56aeecff]" name="loadMessages" is-config="true" duration-ms="2" started-at="2014-09-19T14:05:42Z" finished-at="2014-09-19T14:05:42Z">
          <reporter-output>
          </reporter-output>
        </test-method> <!-- loadMessages -->
        <test-method status="PASS" signature="testFindSegment()[pri:0, instance:org.dellroad.hl7.HL7MessageTest@56aeecff]" name="testFindSegment" duration-ms="0" started-at="2014-09-19T14:05:42Z" finished-at="2014-09-19T14:05:42Z">
          <reporter-output>
          </reporter-output>
        </test-method> <!-- testFindSegment -->
        <test-method status="PASS" signature="testGet(java.lang.String, int, java.lang.String)[pri:0, instance:org.dellroad.hl7.HL7MessageTest@56aeecff]" name="testGet" duration-ms="1" started-at="2014-09-19T14:05:42Z" data-provider="getData" finished-at="2014-09-19T14:05:42Z">
          <params>
            <param index="0">
              <value>
                <![CDATA[MSH.1]]>
              </value>
            </param>
            <param index="1">
              <value>
                <![CDATA[0]]>
              </value>
            </param>
            <param index="2">
              <value>
                <![CDATA[|]]>
              </value>
            </param>
          </params>
          <reporter-output>
          </reporter-output>
        </test-method> <!-- testGet -->
        <test-method status="PASS" signature="testGet(java.lang.String, int, java.lang.String)[pri:0, instance:org.dellroad.hl7.HL7MessageTest@56aeecff]" name="testGet" duration-ms="0" started-at="2014-09-19T14:05:42Z" data-provider="getData" finished-at="2014-09-19T14:05:42Z">
          <params>
            <param index="0">
              <value>
                <![CDATA[MSH.0]]>
              </value>
            </param>
            <param index="1">
              <value>
                <![CDATA[0]]>
              </value>
            </param>
            <param index="2">
              <value>
                <![CDATA[MSH]]>
              </value>
            </param>
          </params>
          <reporter-output>
          </reporter-output>
        </test-method> <!-- testGet -->
        <test-method status="PASS" signature="testGet(java.lang.String, int, java.lang.String)[pri:0, instance:org.dellroad.hl7.HL7MessageTest@56aeecff]" name="testGet" duration-ms="0" started-at="2014-09-19T14:05:42Z" data-provider="getData" finished-at="2014-09-19T14:05:42Z">
          <params>
            <param index="0">
              <value>
                <![CDATA[MSH.5]]>
              </value>
            </param>
            <param index="1">
              <value>
                <![CDATA[0]]>
              </value>
            </param>
            <param index="2">
              <value>
                <![CDATA[IM]]>
              </value>
            </param>
          </params>
          <reporter-output>
          </reporter-output>
        </test-method> <!-- testGet -->
        <test-method status="PASS" signature="testGet(java.lang.String, int, java.lang.String)[pri:0, instance:org.dellroad.hl7.HL7MessageTest@56aeecff]" name="testGet" duration-ms="0" started-at="2014-09-19T14:05:42Z" data-provider="getData" finished-at="2014-09-19T14:05:42Z">
          <params>
            <param index="0">
              <value>
                <![CDATA[MSH.3]]>
              </value>
            </param>
            <param index="1">
              <value>
                <![CDATA[0]]>
              </value>
            </param>
            <param index="2">
              <value>
                <![CDATA[ST01]]>
              </value>
            </param>
          </params>
          <reporter-output>
          </reporter-output>
        </test-method> <!-- testGet -->
        <test-method status="PASS" signature="testGet(java.lang.String, int, java.lang.String)[pri:0, instance:org.dellroad.hl7.HL7MessageTest@56aeecff]" name="testGet" duration-ms="0" started-at="2014-09-19T14:05:42Z" data-provider="getData" finished-at="2014-09-19T14:05:42Z">
          <params>
            <param index="0">
              <value>
                <![CDATA[MSH.4]]>
              </value>
            </param>
            <param index="1">
              <value>
                <![CDATA[0]]>
              </value>
            </param>
            <param index="2">
              <value>
                <![CDATA[B]]>
              </value>
            </param>
          </params>
          <reporter-output>
          </reporter-output>
        </test-method> <!-- testGet -->
        <test-method status="PASS" signature="testGet(java.lang.String, int, java.lang.String)[pri:0, instance:org.dellroad.hl7.HL7MessageTest@56aeecff]" name="testGet" duration-ms="1" started-at="2014-09-19T14:05:42Z" data-provider="getData" finished-at="2014-09-19T14:05:42Z">
          <params>
            <param index="0">
              <value>
                <![CDATA[MSH.6]]>
              </value>
            </param>
            <param index="1">
              <value>
                <![CDATA[0]]>
              </value>
            </param>
            <param index="2">
              <value>
                <![CDATA[B]]>
              </value>
            </param>
          </params>
          <reporter-output>
          </reporter-output>
        </test-method> <!-- testGet -->
        <test-method status="PASS" signature="testGet(java.lang.String, int, java.lang.String)[pri:0, instance:org.dellroad.hl7.HL7MessageTest@56aeecff]" name="testGet" duration-ms="0" started-at="2014-09-19T14:05:42Z" data-provider="getData" finished-at="2014-09-19T14:05:42Z">
          <params>
            <param index="0">
              <value>
                <![CDATA[MSH.2]]>
              </value>
            </param>
            <param index="1">
              <value>
                <![CDATA[0]]>
              </value>
            </param>
            <param index="2">
              <value>
                <![CDATA[^~\&]]>
              </value>
            </param>
          </params>
          <reporter-output>
          </reporter-output>
        </test-method> <!-- testGet -->
        <test-method status="PASS" signature="testGet(java.lang.String, int, java.lang.String)[pri:0, instance:org.dellroad.hl7.HL7MessageTest@56aeecff]" name="testGet" duration-ms="1" started-at="2014-09-19T14:05:42Z" data-provider="getData" finished-at="2014-09-19T14:05:42Z">
          <params>
            <param index="0">
              <value>
                <![CDATA[MSH.11]]>
              </value>
            </param>
            <param index="1">
              <value>
                <![CDATA[0]]>
              </value>
            </param>
            <param index="2">
              <value>
                <![CDATA[P]]>
              </value>
            </param>
          </params>
          <reporter-output>
          </reporter-output>
        </test-method> <!-- testGet -->
        <test-method status="PASS" signature="testGet(java.lang.String, int, java.lang.String)[pri:0, instance:org.dellroad.hl7.HL7MessageTest@56aeecff]" name="testGet" duration-ms="0" started-at="2014-09-19T14:05:42Z" data-provider="getData" finished-at="2014-09-19T14:05:42Z">
          <params>
            <param index="0">
              <value>
                <![CDATA[MSH.9.2]]>
              </value>
            </param>
            <param index="1">
              <value>
                <![CDATA[0]]>
              </value>
            </param>
            <param index="2">
              <value>
                <![CDATA[A08]]>
              </value>
            </param>
          </params>
          <reporter-output>
          </reporter-output>
        </test-method> <!-- testGet -->
        <test-method status="PASS" signature="testGet(java.lang.String, int, java.lang.String)[pri:0, instance:org.dellroad.hl7.HL7MessageTest@56aeecff]" name="testGet" duration-ms="0" started-at="2014-09-19T14:05:42Z" data-provider="getData" finished-at="2014-09-19T14:05:42Z">
          <params>
            <param index="0">
              <value>
                <![CDATA[MSH.8]]>
              </value>
            </param>
            <param index="1">
              <value>
                <![CDATA[0]]>
              </value>
            </param>
            <param index="2">
              <value>
                <![CDATA[]]>
              </value>
            </param>
          </params>
          <reporter-output>
          </reporter-output>
        </test-method> <!-- testGet -->
        <test-method status="PASS" signature="testGet(java.lang.String, int, java.lang.String)[pri:0, instance:org.dellroad.hl7.HL7MessageTest@56aeecff]" name="testGet" duration-ms="0" started-at="2014-09-19T14:05:42Z" data-provider="getData" finished-at="2014-09-19T14:05:42Z">
          <params>
            <param index="0">
              <value>
                <![CDATA[MSH.10]]>
              </value>
            </param>
            <param index="1">
              <value>
                <![CDATA[0]]>
              </value>
            </param>
            <param index="2">
              <value>
                <![CDATA[6917898]]>
              </value>
            </param>
          </params>
          <reporter-output>
          </reporter-output>
        </test-method> <!-- testGet -->
        <test-method status="PASS" signature="testGet(java.lang.String, int, java.lang.String)[pri:0, instance:org.dellroad.hl7.HL7MessageTest@56aeecff]" name="testGet" duration-ms="0" started-at="2014-09-19T14:05:42Z" data-provider="getData" finished-at="2014-09-19T14:05:42Z">
          <params>
            <param index="0">
              <value>
                <![CDATA[MSH.7]]>
              </value>
            </param>
            <param index="1">
              <value>
                <![CDATA[0]]>
              </value>
            </param>
            <param index="2">
              <value>
                <![CDATA[20061211154319]]>
              </value>
            </param>
          </params>
          <reporter-output>
          </reporter-output>
        </test-method> <!-- testGet -->
        <test-method status="PASS" signature="testGet(java.lang.String, int, java.lang.String)[pri:0, instance:org.dellroad.hl7.HL7MessageTest@56aeecff]" name="testGet" duration-ms="0" started-at="2014-09-19T14:05:42Z" data-provider="getData" finished-at="2014-09-19T14:05:42Z">
          <params>
            <param index="0">
              <value>
                <![CDATA[MSH.9.1]]>
              </value>
            </param>
            <param index="1">
              <value>
                <![CDATA[0]]>
              </value>
            </param>
            <param index="2">
              <value>
                <![CDATA[ADT]]>
              </value>
            </param>
          </params>
          <reporter-output>
          </reporter-output>
        </test-method> <!-- testGet -->
        <test-method status="PASS" signature="testGet(java.lang.String, int, java.lang.String)[pri:0, instance:org.dellroad.hl7.HL7MessageTest@56aeecff]" name="testGet" duration-ms="1" started-at="2014-09-19T14:05:42Z" data-provider="getData" finished-at="2014-09-19T14:05:42Z">
          <params>
            <param index="0">
              <value>
                <![CDATA[MSH.14]]>
              </value>
            </param>
            <param index="1">
              <value>
                <![CDATA[0]]>
              </value>
            </param>
            <param index="2">
              <value>
                <![CDATA[]]>
              </value>
            </param>
          </params>
          <reporter-output>
          </reporter-output>
        </test-method> <!-- testGet -->
        <test-method status="PASS" signature="testGet(java.lang.String, int, java.lang.String)[pri:0, instance:org.dellroad.hl7.HL7MessageTest@56aeecff]" name="testGet" duration-ms="0" started-at="2014-09-19T14:05:42Z" data-provider="getData" finished-at="2014-09-19T14:05:42Z">
          <params>
            <param index="0">
              <value>
                <![CDATA[MSH.12]]>
              </value>
            </param>
            <param index="1">
              <value>
                <![CDATA[0]]>
              </value>
            </param>
            <param index="2">
              <value>
                <![CDATA[2.2]]>
              </value>
            </param>
          </params>
          <reporter-output>
          </reporter-output>
        </test-method> <!-- testGet -->
        <test-method status="PASS" signature="testGet(java.lang.String, int, java.lang.String)[pri:0, instance:org.dellroad.hl7.HL7MessageTest@56aeecff]" name="testGet" duration-ms="0" started-at="2014-09-19T14:05:42Z" data-provider="getData" finished-at="2014-09-19T14:05:42Z">
          <params>
            <param index="0">
              <value>
                <![CDATA[MSH.13]]>
              </value>
            </param>
            <param index="1">
              <value>
                <![CDATA[0]]>
              </value>
            </param>
            <param index="2">
              <value>
                <![CDATA[6917898]]>
              </value>
            </param>
          </params>
          <reporter-output>
          </reporter-output>
        </test-method> <!-- testGet -->
        <test-method status="PASS" signature="testGet(java.lang.String, int, java.lang.String)[pri:0, instance:org.dellroad.hl7.HL7MessageTest@56aeecff]" name="testGet" duration-ms="1" started-at="2014-09-19T14:05:42Z" data-provider="getData" finished-at="2014-09-19T14:05:42Z">
          <params>
            <param index="0">
              <value>
                <![CDATA[MSH.17]]>
              </value>
            </param>
            <param index="1">
              <value>
                <![CDATA[0]]>
              </value>
            </param>
            <param index="2">
              <value>
                <![CDATA[]]>
              </value>
            </param>
          </params>
          <reporter-output>
          </reporter-output>
        </test-method> <!-- testGet -->
        <test-method status="PASS" signature="testGet(java.lang.String, int, java.lang.String)[pri:0, instance:org.dellroad.hl7.HL7MessageTest@56aeecff]" name="testGet" duration-ms="0" started-at="2014-09-19T14:05:42Z" data-provider="getData" finished-at="2014-09-19T14:05:42Z">
          <params>
            <param index="0">
              <value>
                <![CDATA[MSH.15]]>
              </value>
            </param>
            <param index="1">
              <value>
                <![CDATA[0]]>
              </value>
            </param>
            <param index="2">
              <value>
                <![CDATA[AL]]>
              </value>
            </param>
          </params>
          <reporter-output>
          </reporter-output>
        </test-method> <!-- testGet -->
        <test-method status="PASS" signature="testGet(java.lang.String, int, java.lang.String)[pri:0, instance:org.dellroad.hl7.HL7MessageTest@56aeecff]" name="testGet" duration-ms="0" started-at="2014-09-19T14:05:42Z" data-provider="getData" finished-at="2014-09-19T14:05:42Z">
          <params>
            <param index="0">
              <value>
                <![CDATA[MSH.16]]>
              </value>
            </param>
            <param index="1">
              <value>
                <![CDATA[0]]>
              </value>
            </param>
            <param index="2">
              <value>
                <![CDATA[]]>
              </value>
            </param>
          </params>
          <reporter-output>
          </reporter-output>
        </test-method> <!-- testGet -->
        <test-method status="PASS" signature="testGet(java.lang.String, int, java.lang.String)[pri:0, instance:org.dellroad.hl7.HL7MessageTest@56aeecff]" name="testGet" duration-ms="0" started-at="2014-09-19T14:05:42Z" data-provider="getData" finished-at="2014-09-19T14:05:42Z">
          <params>
            <param index="0">
              <value>
                <![CDATA[MSH.21]]>
              </value>
            </param>
            <param index="1">
              <value>
                <![CDATA[0]]>
              </value>
            </param>
            <param index="2">
              <value>
                <![CDATA[]]>
              </value>
            </param>
          </params>
          <reporter-output>
          </reporter-output>
        </test-method> <!-- testGet -->
        <test-method status="PASS" signature="testGet(java.lang.String, int, java.lang.String)[pri:0, instance:org.dellroad.hl7.HL7MessageTest@56aeecff]" name="testGet" duration-ms="0" started-at="2014-09-19T14:05:42Z" data-provider="getData" finished-at="2014-09-19T14:05:42Z">
          <params>
            <param index="0">
              <value>
                <![CDATA[MSH.18]]>
              </value>
            </param>
            <param index="1">
              <value>
                <![CDATA[0]]>
              </value>
            </param>
            <param index="2">
              <value>
                <![CDATA[]]>
              </value>
            </param>
          </params>
          <reporter-output>
          </reporter-output>
        </test-method> <!-- testGet -->
        <test-method status="PASS" signature="testGet(java.lang.String, int, java.lang.String)[pri:0, instance:org.dellroad.hl7.HL7MessageTest@56aeecff]" name="testGet" duration-ms="0" started-at="2014-09-19T14:05:42Z" data-provider="getData" finished-at="2014-09-19T14:05:42Z">
          <params>
            <param index="0">
              <value>
                <![CDATA[MSH.20]]>
              </value>
            </param>
            <param index="1">
              <value>
                <![CDATA[0]]>
              </value>
            </param>
            <param index="2">
              <value>
                <![CDATA[]]>
              </value>
            </param>
          </params>
          <reporter-output>
          </reporter-output>
        </test-method> <!-- testGet -->
        <test-method status="PASS" signature="testGet(java.lang.String, int, java.lang.String)[pri:0, instance:org.dellroad.hl7.HL7MessageTest@56aeecff]" name="testGet" duration-ms="0" started-at="2014-09-19T14:05:42Z" data-provider="getData" finished-at="2014-09-19T14:05:42Z">
          <params>
            <param index="0">
              <value>
                <![CDATA[MSH.19]]>
              </value>
            </param>
            <param index="1">
              <value>
                <![CDATA[0]]>
              </value>
            </param>
            <param index="2">
              <value>
                <![CDATA[]]>
              </value>
            </param>
          </params>
          <reporter-output>
          </reporter-output>
        </test-method> <!-- testGet -->
        <test-method status="PASS" signature="testGet(java.lang.String, int, java.lang.String)[pri:0, instance:org.dellroad.hl7.HL7MessageTest@56aeecff]" name="testGet" duration-ms="1" started-at="2014-09-19T14:05:42Z" data-provider="getData" finished-at="2014-09-19T14:05:42Z">
          <params>
            <param index="0">
              <value>
                <![CDATA[MSH.22]]>
              </value>
            </param>
            <param index="1">
              <value>
                <![CDATA[0]]>
              </value>
            </param>
            <param index="2">
              <value>
                <![CDATA[2.2b]]>
              </value>
            </param>
          </params>
          <reporter-output>
          </reporter-output>
        </test-method> <!-- testGet -->
        <test-method status="PASS" signature="testGet(java.lang.String, int, java.lang.String)[pri:0, instance:org.dellroad.hl7.HL7MessageTest@56aeecff]" name="testGet" duration-ms="0" started-at="2014-09-19T14:05:42Z" data-provider="getData" finished-at="2014-09-19T14:05:42Z">
          <params>
            <param index="0">
              <value>
                <![CDATA[MSH.23]]>
              </value>
            </param>
            <param index="1">
              <value>
                <![CDATA[0]]>
              </value>
            </param>
            <param index="2">
              <value is-null="true"/>
            </param>
          </params>
          <reporter-output>
          </reporter-output>
        </test-method> <!-- testGet -->
        <test-method status="PASS" signature="testGet(java.lang.String, int, java.lang.String)[pri:0, instance:org.dellroad.hl7.HL7MessageTest@56aeecff]" name="testGet" duration-ms="0" started-at="2014-09-19T14:05:42Z" data-provider="getData" finished-at="2014-09-19T14:05:42Z">
          <params>
            <param index="0">
              <value>
                <![CDATA[EVN.1]]>
              </value>
            </param>
            <param index="1">
              <value>
                <![CDATA[0]]>
              </value>
            </param>
            <param index="2">
              <value>
                <![CDATA[A08]]>
              </value>
            </param>
          </params>
          <reporter-output>
          </reporter-output>
        </test-method> <!-- testGet -->
        <test-method status="PASS" signature="testGet(java.lang.String, int, java.lang.String)[pri:0, instance:org.dellroad.hl7.HL7MessageTest@56aeecff]" name="testGet" duration-ms="0" started-at="2014-09-19T14:05:42Z" data-provider="getData" finished-at="2014-09-19T14:05:42Z">
          <params>
            <param index="0">
              <value>
                <![CDATA[PID.1]]>
              </value>
            </param>
            <param index="1">
              <value>
                <![CDATA[0]]>
              </value>
            </param>
            <param index="2">
              <value>
                <![CDATA[1]]>
              </value>
            </param>
          </params>
          <reporter-output>
          </reporter-output>
        </test-method> <!-- testGet -->
        <test-method status="PASS" signature="testGet(java.lang.String, int, java.lang.String)[pri:0, instance:org.dellroad.hl7.HL7MessageTest@56aeecff]" name="testGet" duration-ms="0" started-at="2014-09-19T14:05:42Z" data-provider="getData" finished-at="2014-09-19T14:05:42Z">
          <params>
            <param index="0">
              <value>
                <![CDATA[PID.2.1]]>
              </value>
            </param>
            <param index="1">
              <value>
                <![CDATA[0]]>
              </value>
            </param>
            <param index="2">
              <value>
                <![CDATA[01001991]]>
              </value>
            </param>
          </params>
          <reporter-output>
          </reporter-output>
        </test-method> <!-- testGet -->
        <test-method status="PASS" signature="testGet(java.lang.String, int, java.lang.String)[pri:0, instance:org.dellroad.hl7.HL7MessageTest@56aeecff]" name="testGet" duration-ms="0" started-at="2014-09-19T14:05:42Z" data-provider="getData" finished-at="2014-09-19T14:05:42Z">
          <params>
            <param index="0">
              <value>
                <![CDATA[EVN.5]]>
              </value>
            </param>
            <param index="1">
              <value>
                <![CDATA[0]]>
              </value>
            </param>
            <param index="2">
              <value>
                <![CDATA[MRP]]>
              </value>
            </param>
          </params>
          <reporter-output>
          </reporter-output>
        </test-method> <!-- testGet -->
        <test-method status="PASS" signature="testGet(java.lang.String, int, java.lang.String)[pri:0, instance:org.dellroad.hl7.HL7MessageTest@56aeecff]" name="testGet" duration-ms="0" started-at="2014-09-19T14:05:42Z" data-provider="getData" finished-at="2014-09-19T14:05:42Z">
          <params>
            <param index="0">
              <value>
                <![CDATA[PID.2.2]]>
              </value>
            </param>
            <param index="1">
              <value>
                <![CDATA[0]]>
              </value>
            </param>
            <param index="2">
              <value>
                <![CDATA[]]>
              </value>
            </param>
          </params>
          <reporter-output>
          </reporter-output>
        </test-method> <!-- testGet -->
        <test-method status="PASS" signature="testGet(java.lang.String, int, java.lang.String)[pri:0, instance:org.dellroad.hl7.HL7MessageTest@56aeecff]" name="testGet" duration-ms="0" started-at="2014-09-19T14:05:42Z" data-provider="getData" finished-at="2014-09-19T14:05:42Z">
          <params>
            <param index="0">
              <value>
                <![CDATA[PID.2.3]]>
              </value>
            </param>
            <param index="1">
              <value>
                <![CDATA[0]]>
              </value>
            </param>
            <param index="2">
              <value>
                <![CDATA[]]>
              </value>
            </param>
          </params>
          <reporter-output>
          </reporter-output>
        </test-method> <!-- testGet -->
        <test-method status="PASS" signature="testGet(java.lang.String, int, java.lang.String)[pri:0, instance:org.dellroad.hl7.HL7MessageTest@56aeecff]" name="testGet" duration-ms="0" started-at="2014-09-19T14:05:42Z" data-provider="getData" finished-at="2014-09-19T14:05:42Z">
          <params>
            <param index="0">
              <value>
                <![CDATA[PID.2.4]]>
              </value>
            </param>
            <param index="1">
              <value>
                <![CDATA[0]]>
              </value>
            </param>
            <param index="2">
              <value>
                <![CDATA[ST01]]>
              </value>
            </param>
          </params>
          <reporter-output>
          </reporter-output>
        </test-method> <!-- testGet -->
        <test-method status="PASS" signature="testGet(java.lang.String, int, java.lang.String)[pri:0, instance:org.dellroad.hl7.HL7MessageTest@56aeecff]" name="testGet" duration-ms="1" started-at="2014-09-19T14:05:42Z" data-provider="getData" finished-at="2014-09-19T14:05:42Z">
          <params>
            <param index="0">
              <value>
                <![CDATA[PID.3.2]]>
              </value>
            </param>
            <param index="1">
              <value>
                <![CDATA[0]]>
              </value>
            </param>
            <param index="2">
              <value>
                <![CDATA[]]>
              </value>
            </param>
          </params>
          <reporter-output>
          </reporter-output>
        </test-method> <!-- testGet -->
        <test-method status="PASS" signature="testGet(java.lang.String, int, java.lang.String)[pri:0, instance:org.dellroad.hl7.HL7MessageTest@56aeecff]" name="testGet" duration-ms="0" started-at="2014-09-19T14:05:42Z" data-provider="getData" finished-at="2014-09-19T14:05:42Z">
          <params>
            <param index="0">
              <value>
                <![CDATA[PID.2.5]]>
              </value>
            </param>
            <param index="1">
              <value>
                <![CDATA[0]]>
              </value>
            </param>
            <param index="2">
              <value is-null="true"/>
            </param>
          </params>
          <reporter-output>
          </reporter-output>
        </test-method> <!-- testGet -->
        <test-method status="PASS" signature="testGet(java.lang.String, int, java.lang.String)[pri:0, instance:org.dellroad.hl7.HL7MessageTest@56aeecff]" name="testGet" duration-ms="0" started-at="2014-09-19T14:05:42Z" data-provider="getData" finished-at="2014-09-19T14:05:42Z">
          <params>
            <param index="0">
              <value>
                <![CDATA[PID.3.1]]>
              </value>
            </param>
            <param index="1">
              <value>
                <![CDATA[0]]>
              </value>
            </param>
            <param index="2">
              <value>
                <![CDATA[988747372]]>
              </value>
            </param>
          </params>
          <reporter-output>
          </reporter-output>
        </test-method> <!-- testGet -->
        <test-method status="PASS" signature="testGet(java.lang.String, int, java.lang.String)[pri:0, instance:org.dellroad.hl7.HL7MessageTest@56aeecff]" name="testGet" duration-ms="0" started-at="2014-09-19T14:05:42Z" data-provider="getData" finished-at="2014-09-19T14:05:42Z">
          <params>
            <param index="0">
              <value>
                <![CDATA[PID.3.5]]>
              </value>
            </param>
            <param index="1">
              <value>
                <![CDATA[0]]>
              </value>
            </param>
            <param index="2">
              <value>
                <![CDATA[MR]]>
              </value>
            </param>
          </params>
          <reporter-output>
          </reporter-output>
        </test-method> <!-- testGet -->
        <test-method status="PASS" signature="testGet(java.lang.String, int, java.lang.String)[pri:0, instance:org.dellroad.hl7.HL7MessageTest@56aeecff]" name="testGet" duration-ms="0" started-at="2014-09-19T14:05:42Z" data-provider="getData" finished-at="2014-09-19T14:05:42Z">
          <params>
            <param index="0">
              <value>
                <![CDATA[PID.3.4]]>
              </value>
            </param>
            <param index="1">
              <value>
                <![CDATA[0]]>
              </value>
            </param>
            <param index="2">
              <value>
                <![CDATA[ST01B]]>
              </value>
            </param>
          </params>
          <reporter-output>
          </reporter-output>
        </test-method> <!-- testGet -->
        <test-method status="PASS" signature="testGet(java.lang.String, int, java.lang.String)[pri:0, instance:org.dellroad.hl7.HL7MessageTest@56aeecff]" name="testGet" duration-ms="0" started-at="2014-09-19T14:05:42Z" data-provider="getData" finished-at="2014-09-19T14:05:42Z">
          <params>
            <param index="0">
              <value>
                <![CDATA[PID.3.1]]>
              </value>
            </param>
            <param index="1">
              <value>
                <![CDATA[1]]>
              </value>
            </param>
            <param index="2">
              <value>
                <![CDATA[983928341]]>
              </value>
            </param>
          </params>
          <reporter-output>
          </reporter-output>
        </test-method> <!-- testGet -->
        <test-method status="PASS" signature="testGet(java.lang.String, int, java.lang.String)[pri:0, instance:org.dellroad.hl7.HL7MessageTest@56aeecff]" name="testGet" duration-ms="0" started-at="2014-09-19T14:05:42Z" data-provider="getData" finished-at="2014-09-19T14:05:42Z">
          <params>
            <param index="0">
              <value>
                <![CDATA[PID.3.3]]>
              </value>
            </param>
            <param index="1">
              <value>
                <![CDATA[0]]>
              </value>
            </param>
            <param index="2">
              <value>
                <![CDATA[]]>
              </value>
            </param>
          </params>
          <reporter-output>
          </reporter-output>
        </test-method> <!-- testGet -->
        <test-method status="PASS" signature="testGet(java.lang.String, int, java.lang.String)[pri:0, instance:org.dellroad.hl7.HL7MessageTest@56aeecff]" name="testGet" duration-ms="1" started-at="2014-09-19T14:05:42Z" data-provider="getData" finished-at="2014-09-19T14:05:42Z">
          <params>
            <param index="0">
              <value>
                <![CDATA[PID.3.2]]>
              </value>
            </param>
            <param index="1">
              <value>
                <![CDATA[1]]>
              </value>
            </param>
            <param index="2">
              <value>
                <![CDATA[]]>
              </value>
            </param>
          </params>
          <reporter-output>
          </reporter-output>
        </test-method> <!-- testGet -->
        <test-method status="PASS" signature="testGet(java.lang.String, int, java.lang.String)[pri:0, instance:org.dellroad.hl7.HL7MessageTest@56aeecff]" name="testGet" duration-ms="0" started-at="2014-09-19T14:05:42Z" data-provider="getData" finished-at="2014-09-19T14:05:42Z">
          <params>
            <param index="0">
              <value>
                <![CDATA[PID.3.6]]>
              </value>
            </param>
            <param index="1">
              <value>
                <![CDATA[0]]>
              </value>
            </param>
            <param index="2">
              <value is-null="true"/>
            </param>
          </params>
          <reporter-output>
          </reporter-output>
        </test-method> <!-- testGet -->
        <test-method status="PASS" signature="testGet(java.lang.String, int, java.lang.String)[pri:0, instance:org.dellroad.hl7.HL7MessageTest@56aeecff]" name="testGet" duration-ms="0" started-at="2014-09-19T14:05:42Z" data-provider="getData" finished-at="2014-09-19T14:05:42Z">
          <params>
            <param index="0">
              <value>
                <![CDATA[PID.3.4]]>
              </value>
            </param>
            <param index="1">
              <value>
                <![CDATA[1]]>
              </value>
            </param>
            <param index="2">
              <value>
                <![CDATA[ST01C]]>
              </value>
            </param>
          </params>
          <reporter-output>
          </reporter-output>
        </test-method> <!-- testGet -->
        <test-method status="PASS" signature="testGet(java.lang.String, int, java.lang.String)[pri:0, instance:org.dellroad.hl7.HL7MessageTest@56aeecff]" name="testGet" duration-ms="0" started-at="2014-09-19T14:05:42Z" data-provider="getData" finished-at="2014-09-19T14:05:42Z">
          <params>
            <param index="0">
              <value>
                <![CDATA[PID.3.5]]>
              </value>
            </param>
            <param index="1">
              <value>
                <![CDATA[1]]>
              </value>
            </param>
            <param index="2">
              <value>
                <![CDATA[MR]]>
              </value>
            </param>
          </params>
          <reporter-output>
          </reporter-output>
        </test-method> <!-- testGet -->
        <test-method status="PASS" signature="testGet(java.lang.String, int, java.lang.String)[pri:0, instance:org.dellroad.hl7.HL7MessageTest@56aeecff]" name="testGet" duration-ms="0" started-at="2014-09-19T14:05:42Z" data-provider="getData" finished-at="2014-09-19T14:05:42Z">
          <params>
            <param index="0">
              <value>
                <![CDATA[PID.3.6]]>
              </value>
            </param>
            <param index="1">
              <value>
                <![CDATA[1]]>
              </value>
            </param>
            <param index="2">
              <value is-null="true"/>
            </param>
          </params>
          <reporter-output>
          </reporter-output>
        </test-method> <!-- testGet -->
        <test-method status="PASS" signature="testGet(java.lang.String, int, java.lang.String)[pri:0, instance:org.dellroad.hl7.HL7MessageTest@56aeecff]" name="testGet" duration-ms="0" started-at="2014-09-19T14:05:42Z" data-provider="getData" finished-at="2014-09-19T14:05:42Z">
          <params>
            <param index="0">
              <value>
                <![CDATA[PID.3.1]]>
              </value>
            </param>
            <param index="1">
              <value>
                <![CDATA[2]]>
              </value>
            </param>
            <param index="2">
              <value>
                <![CDATA[93823848]]>
              </value>
            </param>
          </params>
          <reporter-output>
          </reporter-output>
        </test-method> <!-- testGet -->
        <test-method status="PASS" signature="testGet(java.lang.String, int, java.lang.String)[pri:0, instance:org.dellroad.hl7.HL7MessageTest@56aeecff]" name="testGet" duration-ms="1" started-at="2014-09-19T14:05:42Z" data-provider="getData" finished-at="2014-09-19T14:05:42Z">
          <params>
            <param index="0">
              <value>
                <![CDATA[PID.3.2]]>
              </value>
            </param>
            <param index="1">
              <value>
                <![CDATA[2]]>
              </value>
            </param>
            <param index="2">
              <value>
                <![CDATA[]]>
              </value>
            </param>
          </params>
          <reporter-output>
          </reporter-output>
        </test-method> <!-- testGet -->
        <test-method status="PASS" signature="testGet(java.lang.String, int, java.lang.String)[pri:0, instance:org.dellroad.hl7.HL7MessageTest@56aeecff]" name="testGet" duration-ms="0" started-at="2014-09-19T14:05:42Z" data-provider="getData" finished-at="2014-09-19T14:05:42Z">
          <params>
            <param index="0">
              <value>
                <![CDATA[PID.3.3]]>
              </value>
            </param>
            <param index="1">
              <value>
                <![CDATA[1]]>
              </value>
            </param>
            <param index="2">
              <value>
                <![CDATA[]]>
              </value>
            </param>
          </params>
          <reporter-output>
          </reporter-output>
        </test-method> <!-- testGet -->
        <test-method status="PASS" signature="testGet(java.lang.String, int, java.lang.String)[pri:0, instance:org.dellroad.hl7.HL7MessageTest@56aeecff]" name="testGet" duration-ms="0" started-at="2014-09-19T14:05:42Z" data-provider="getData" finished-at="2014-09-19T14:05:42Z">
          <params>
            <param index="0">
              <value>
                <![CDATA[PID.3.6]]>
              </value>
            </param>
            <param index="1">
              <value>
                <![CDATA[2]]>
              </value>
            </param>
            <param index="2">
              <value is-null="true"/>
            </param>
          </params>
          <reporter-output>
          </reporter-output>
        </test-method> <!-- testGet -->
        <test-method status="PASS" signature="testGet(java.lang.String, int, java.lang.String)[pri:0, instance:org.dellroad.hl7.HL7MessageTest@56aeecff]" name="testGet" duration-ms="0" started-at="2014-09-19T14:05:42Z" data-provider="getData" finished-at="2014-09-19T14:05:42Z">
          <params>
            <param index="0">
              <value>
                <![CDATA[PID.3.3]]>
              </value>
            </param>
            <param index="1">
              <value>
                <![CDATA[2]]>
              </value>
            </param>
            <param index="2">
              <value>
                <![CDATA[]]>
              </value>
            </param>
          </params>
          <reporter-output>
          </reporter-output>
        </test-method> <!-- testGet -->
        <test-method status="PASS" signature="testGet(java.lang.String, int, java.lang.String)[pri:0, instance:org.dellroad.hl7.HL7MessageTest@56aeecff]" name="testGet" duration-ms="1" started-at="2014-09-19T14:05:42Z" data-provider="getData" finished-at="2014-09-19T14:05:42Z">
          <params>
            <param index="0">
              <value>
                <![CDATA[PID.5.1]]>
              </value>
            </param>
            <param index="1">
              <value>
                <![CDATA[0]]>
              </value>
            </param>
            <param index="2">
              <value>
                <![CDATA[JONES6]]>
              </value>
            </param>
          </params>
          <reporter-output>
          </reporter-output>
        </test-method> <!-- testGet -->
        <test-method status="PASS" signature="testGet(java.lang.String, int, java.lang.String)[pri:0, instance:org.dellroad.hl7.HL7MessageTest@56aeecff]" name="testGet" duration-ms="0" started-at="2014-09-19T14:05:42Z" data-provider="getData" finished-at="2014-09-19T14:05:42Z">
          <params>
            <param index="0">
              <value>
                <![CDATA[PID.3.5]]>
              </value>
            </param>
            <param index="1">
              <value>
                <![CDATA[2]]>
              </value>
            </param>
            <param index="2">
              <value>
                <![CDATA[PI]]>
              </value>
            </param>
          </params>
          <reporter-output>
          </reporter-output>
        </test-method> <!-- testGet -->
        <test-method status="PASS" signature="testGet(java.lang.String, int, java.lang.String)[pri:0, instance:org.dellroad.hl7.HL7MessageTest@56aeecff]" name="testGet" duration-ms="0" started-at="2014-09-19T14:05:42Z" data-provider="getData" finished-at="2014-09-19T14:05:42Z">
          <params>
            <param index="0">
              <value>
                <![CDATA[PID.3.4]]>
              </value>
            </param>
            <param index="1">
              <value>
                <![CDATA[2]]>
              </value>
            </param>
            <param index="2">
              <value>
                <![CDATA[ST01]]>
              </value>
            </param>
          </params>
          <reporter-output>
          </reporter-output>
        </test-method> <!-- testGet -->
        <test-method status="PASS" signature="testGet(java.lang.String, int, java.lang.String)[pri:0, instance:org.dellroad.hl7.HL7MessageTest@56aeecff]" name="testGet" duration-ms="0" started-at="2014-09-19T14:05:42Z" data-provider="getData" finished-at="2014-09-19T14:05:42Z">
          <params>
            <param index="0">
              <value>
                <![CDATA[PID.4]]>
              </value>
            </param>
            <param index="1">
              <value>
                <![CDATA[0]]>
              </value>
            </param>
            <param index="2">
              <value>
                <![CDATA[]]>
              </value>
            </param>
          </params>
          <reporter-output>
          </reporter-output>
        </test-method> <!-- testGet -->
        <test-method status="PASS" signature="testGet(java.lang.String, int, java.lang.String)[pri:0, instance:org.dellroad.hl7.HL7MessageTest@56aeecff]" name="testGet" duration-ms="0" started-at="2014-09-19T14:05:42Z" data-provider="getData" finished-at="2014-09-19T14:05:42Z">
          <params>
            <param index="0">
              <value>
                <![CDATA[PID.5.3]]>
              </value>
            </param>
            <param index="1">
              <value>
                <![CDATA[0]]>
              </value>
            </param>
            <param index="2">
              <value>
                <![CDATA[P]]>
              </value>
            </param>
          </params>
          <reporter-output>
          </reporter-output>
        </test-method> <!-- testGet -->
        <test-method status="PASS" signature="testGet(java.lang.String, int, java.lang.String)[pri:0, instance:org.dellroad.hl7.HL7MessageTest@56aeecff]" name="testGet" duration-ms="1" started-at="2014-09-19T14:05:42Z" data-provider="getData" finished-at="2014-09-19T14:05:42Z">
          <params>
            <param index="0">
              <value>
                <![CDATA[ZAX.1.2.1]]>
              </value>
            </param>
            <param index="1">
              <value>
                <![CDATA[0]]>
              </value>
            </param>
            <param index="2">
              <value>
                <![CDATA[111]]>
              </value>
            </param>
          </params>
          <reporter-output>
          </reporter-output>
        </test-method> <!-- testGet -->
        <test-method status="PASS" signature="testGet(java.lang.String, int, java.lang.String)[pri:0, instance:org.dellroad.hl7.HL7MessageTest@56aeecff]" name="testGet" duration-ms="0" started-at="2014-09-19T14:05:42Z" data-provider="getData" finished-at="2014-09-19T14:05:42Z">
          <params>
            <param index="0">
              <value>
                <![CDATA[ZAX.1]]>
              </value>
            </param>
            <param index="1">
              <value>
                <![CDATA[0]]>
              </value>
            </param>
            <param index="2">
              <value>
                <![CDATA[AAA]]>
              </value>
            </param>
          </params>
          <reporter-output>
          </reporter-output>
        </test-method> <!-- testGet -->
        <test-method status="PASS" signature="testGet(java.lang.String, int, java.lang.String)[pri:0, instance:org.dellroad.hl7.HL7MessageTest@56aeecff]" name="testGet" duration-ms="0" started-at="2014-09-19T14:05:42Z" data-provider="getData" finished-at="2014-09-19T14:05:42Z">
          <params>
            <param index="0">
              <value>
                <![CDATA[PID.11.1]]>
              </value>
            </param>
            <param index="1">
              <value>
                <![CDATA[0]]>
              </value>
            </param>
            <param index="2">
              <value>
                <![CDATA[123 MAIN ST]]>
              </value>
            </param>
          </params>
          <reporter-output>
          </reporter-output>
        </test-method> <!-- testGet -->
        <test-method status="PASS" signature="testGet(java.lang.String, int, java.lang.String)[pri:0, instance:org.dellroad.hl7.HL7MessageTest@56aeecff]" name="testGet" duration-ms="0" started-at="2014-09-19T14:05:42Z" data-provider="getData" finished-at="2014-09-19T14:05:42Z">
          <params>
            <param index="0">
              <value>
                <![CDATA[PID.5.4]]>
              </value>
            </param>
            <param index="1">
              <value>
                <![CDATA[0]]>
              </value>
            </param>
            <param index="2">
              <value>
                <![CDATA[""]]>
              </value>
            </param>
          </params>
          <reporter-output>
          </reporter-output>
        </test-method> <!-- testGet -->
        <test-method status="PASS" signature="testGet(java.lang.String, int, java.lang.String)[pri:0, instance:org.dellroad.hl7.HL7MessageTest@56aeecff]" name="testGet" duration-ms="0" started-at="2014-09-19T14:05:42Z" data-provider="getData" finished-at="2014-09-19T14:05:42Z">
          <params>
            <param index="0">
              <value>
                <![CDATA[PID.5.2]]>
              </value>
            </param>
            <param index="1">
              <value>
                <![CDATA[0]]>
              </value>
            </param>
            <param index="2">
              <value>
                <![CDATA[SMITH]]>
              </value>
            </param>
          </params>
          <reporter-output>
          </reporter-output>
        </test-method> <!-- testGet -->
        <test-method status="PASS" signature="testGet(java.lang.String, int, java.lang.String)[pri:0, instance:org.dellroad.hl7.HL7MessageTest@56aeecff]" name="testGet" duration-ms="0" started-at="2014-09-19T14:05:42Z" data-provider="getData" finished-at="2014-09-19T14:05:42Z">
          <params>
            <param index="0">
              <value>
                <![CDATA[ZAX.1.2.2]]>
              </value>
            </param>
            <param index="1">
              <value>
                <![CDATA[0]]>
              </value>
            </param>
            <param index="2">
              <value>
                <![CDATA[222]]>
              </value>
            </param>
          </params>
          <reporter-output>
          </reporter-output>
        </test-method> <!-- testGet -->
        <test-method status="PASS" signature="testGet(java.lang.String, int, java.lang.String)[pri:0, instance:org.dellroad.hl7.HL7MessageTest@56aeecff]" name="testGet" duration-ms="0" started-at="2014-09-19T14:05:42Z" data-provider="getData" finished-at="2014-09-19T14:05:42Z">
          <params>
            <param index="0">
              <value>
                <![CDATA[ZAX.2.1.2]]>
              </value>
            </param>
            <param index="1">
              <value>
                <![CDATA[0]]>
              </value>
            </param>
            <param index="2">
              <value is-null="true"/>
            </param>
          </params>
          <reporter-output>
          </reporter-output>
        </test-method> <!-- testGet -->
        <test-method status="PASS" signature="testGet(java.lang.String, int, java.lang.String)[pri:0, instance:org.dellroad.hl7.HL7MessageTest@56aeecff]" name="testGet" duration-ms="0" started-at="2014-09-19T14:05:42Z" data-provider="getData" finished-at="2014-09-19T14:05:42Z">
          <params>
            <param index="0">
              <value>
                <![CDATA[ZAX.3]]>
              </value>
            </param>
            <param index="1">
              <value>
                <![CDATA[0]]>
              </value>
            </param>
            <param index="2">
              <value>
                <![CDATA[]]>
              </value>
            </param>
          </params>
          <reporter-output>
          </reporter-output>
        </test-method> <!-- testGet -->
        <test-method status="PASS" signature="testGet(java.lang.String, int, java.lang.String)[pri:0, instance:org.dellroad.hl7.HL7MessageTest@56aeecff]" name="testGet" duration-ms="0" started-at="2014-09-19T14:05:42Z" data-provider="getData" finished-at="2014-09-19T14:05:42Z">
          <params>
            <param index="0">
              <value>
                <![CDATA[ZAX.1.2.3]]>
              </value>
            </param>
            <param index="1">
              <value>
                <![CDATA[0]]>
              </value>
            </param>
            <param index="2">
              <value>
                <![CDATA[]]>
              </value>
            </param>
          </params>
          <reporter-output>
          </reporter-output>
        </test-method> <!-- testGet -->
        <test-method status="PASS" signature="testGet(java.lang.String, int, java.lang.String)[pri:0, instance:org.dellroad.hl7.HL7MessageTest@56aeecff]" name="testGet" duration-ms="0" started-at="2014-09-19T14:05:42Z" data-provider="getData" finished-at="2014-09-19T14:05:42Z">
          <params>
            <param index="0">
              <value>
                <![CDATA[ZAX.2]]>
              </value>
            </param>
            <param index="1">
              <value>
                <![CDATA[0]]>
              </value>
            </param>
            <param index="2">
              <value>
                <![CDATA[foobar]]>
              </value>
            </param>
          </params>
          <reporter-output>
          </reporter-output>
        </test-method> <!-- testGet -->
        <test-method status="PASS" signature="testGet(java.lang.String, int, java.lang.String)[pri:0, instance:org.dellroad.hl7.HL7MessageTest@56aeecff]" name="testGet" duration-ms="0" started-at="2014-09-19T14:05:42Z" data-provider="getData" finished-at="2014-09-19T14:05:42Z">
          <params>
            <param index="0">
              <value>
                <![CDATA[ZAX.1.2.4]]>
              </value>
            </param>
            <param index="1">
              <value>
                <![CDATA[0]]>
              </value>
            </param>
            <param index="2">
              <value>
                <![CDATA[444]]>
              </value>
            </param>
          </params>
          <reporter-output>
          </reporter-output>
        </test-method> <!-- testGet -->
        <test-method status="PASS" signature="testGet(java.lang.String, int, java.lang.String)[pri:0, instance:org.dellroad.hl7.HL7MessageTest@56aeecff]" name="testGet" duration-ms="0" started-at="2014-09-19T14:05:42Z" data-provider="getData" finished-at="2014-09-19T14:05:42Z">
          <params>
            <param index="0">
              <value>
                <![CDATA[ZAX.3]]>
              </value>
            </param>
            <param index="1">
              <value>
                <![CDATA[1]]>
              </value>
[...]
                <![CDATA[a serf circus]]>
              </value>
            </param>
            <param index="1">
              <value>
                <![CDATA[a $T$e$R$$F$ $S$i$R$$S$u$T$]]>
              </value>
            </param>
          </params>
          <reporter-output>
          </reporter-output>
        </test-method> <!-- testEscape -->
        <test-method status="PASS" signature="testEscape(java.lang.String, java.lang.String)[pri:0, instance:org.dellroad.hl7.HL7SepsTest@2c8dbf31]" name="testEscape" duration-ms="0" started-at="2014-09-19T14:05:42Z" data-provider="escapeData" finished-at="2014-09-19T14:05:42Z">
          <params>
            <param index="0">
              <value>
                <![CDATA[yysxx]]>
              </value>
            </param>
            <param index="1">
              <value>
                <![CDATA[yy$T$xx]]>
              </value>
            </param>
          </params>
          <reporter-output>
          </reporter-output>
        </test-method> <!-- testEscape -->
        <test-method status="PASS" signature="testToString(org.dellroad.hl7.HL7Seps, java.lang.String)[pri:0, instance:org.dellroad.hl7.HL7SepsTest@2c8dbf31]" name="testToString" duration-ms="0" started-at="2014-09-19T14:05:42Z" data-provider="toStringData" finished-at="2014-09-19T14:05:42Z">
          <params>
            <param index="0">
              <value>
                <![CDATA[abc]]>
              </value>
            </param>
            <param index="1">
              <value>
                <![CDATA[abc]]>
              </value>
            </param>
          </params>
          <reporter-output>
          </reporter-output>
        </test-method> <!-- testToString -->
        <test-method status="PASS" signature="testToString(org.dellroad.hl7.HL7Seps, java.lang.String)[pri:0, instance:org.dellroad.hl7.HL7SepsTest@2c8dbf31]" name="testToString" duration-ms="0" started-at="2014-09-19T14:05:42Z" data-provider="toStringData" finished-at="2014-09-19T14:05:42Z">
          <params>
            <param index="0">
              <value>
                <![CDATA[abcd]]>
              </value>
            </param>
            <param index="1">
              <value>
                <![CDATA[abcd]]>
              </value>
            </param>
          </params>
          <reporter-output>
          </reporter-output>
        </test-method> <!-- testToString -->
        <test-method status="PASS" signature="testToString(org.dellroad.hl7.HL7Seps, java.lang.String)[pri:0, instance:org.dellroad.hl7.HL7SepsTest@2c8dbf31]" name="testToString" duration-ms="0" started-at="2014-09-19T14:05:42Z" data-provider="toStringData" finished-at="2014-09-19T14:05:42Z">
          <params>
            <param index="0">
              <value>
                <![CDATA[|^~\&]]>
              </value>
            </param>
            <param index="1">
              <value>
                <![CDATA[|^~\&]]>
              </value>
            </param>
          </params>
          <reporter-output>
          </reporter-output>
        </test-method> <!-- testToString -->
        <test-method status="PASS" signature="testToString(org.dellroad.hl7.HL7Seps, java.lang.String)[pri:0, instance:org.dellroad.hl7.HL7SepsTest@2c8dbf31]" name="testToString" duration-ms="0" started-at="2014-09-19T14:05:42Z" data-provider="toStringData" finished-at="2014-09-19T14:05:42Z">
          <params>
            <param index="0">
              <value>
                <![CDATA[abcde]]>
              </value>
            </param>
            <param index="1">
              <value>
                <![CDATA[abcde]]>
              </value>
            </param>
          </params>
          <reporter-output>
          </reporter-output>
        </test-method> <!-- testToString -->
        <test-method status="PASS" signature="testUnescape(java.lang.String, java.lang.String)[pri:0, instance:org.dellroad.hl7.HL7SepsTest@2c8dbf31]" name="testUnescape" duration-ms="0" started-at="2014-09-19T14:05:42Z" data-provider="unescapeData" finished-at="2014-09-19T14:05:42Z">
          <params>
            <param index="0">
              <value>
                <![CDATA[foo $bar]]>
              </value>
            </param>
            <param index="1">
              <value>
                <![CDATA[foo $bar]]>
              </value>
            </param>
          </params>
          <reporter-output>
          </reporter-output>
        </test-method> <!-- testUnescape -->
        <test-method status="PASS" signature="testUnescape(java.lang.String, java.lang.String)[pri:0, instance:org.dellroad.hl7.HL7SepsTest@2c8dbf31]" name="testUnescape" duration-ms="0" started-at="2014-09-19T14:05:42Z" data-provider="unescapeData" finished-at="2014-09-19T14:05:42Z">
          <params>
            <param index="0">
              <value>
                <![CDATA[foo $$ bar]]>
              </value>
            </param>
            <param index="1">
              <value>
                <![CDATA[foo  bar]]>
              </value>
            </param>
          </params>
          <reporter-output>
          </reporter-output>
        </test-method> <!-- testUnescape -->
        <test-method status="PASS" signature="testUnescape(java.lang.String, java.lang.String)[pri:0, instance:org.dellroad.hl7.HL7SepsTest@2c8dbf31]" name="testUnescape" duration-ms="1" started-at="2014-09-19T14:05:42Z" data-provider="unescapeData" finished-at="2014-09-19T14:05:42Z">
          <params>
            <param index="0">
              <value>
                <![CDATA[foo $a$ bar]]>
              </value>
            </param>
            <param index="1">
              <value>
                <![CDATA[foo  bar]]>
              </value>
            </param>
          </params>
          <reporter-output>
          </reporter-output>
        </test-method> <!-- testUnescape -->
        <test-method status="PASS" signature="testUnescape(java.lang.String, java.lang.String)[pri:0, instance:org.dellroad.hl7.HL7SepsTest@2c8dbf31]" name="testUnescape" duration-ms="0" started-at="2014-09-19T14:05:42Z" data-provider="unescapeData" finished-at="2014-09-19T14:05:42Z">
          <params>
            <param index="0">
              <value>
                <![CDATA[foo $]]>
              </value>
            </param>
            <param index="1">
              <value>
                <![CDATA[foo $]]>
              </value>
            </param>
          </params>
          <reporter-output>
          </reporter-output>
        </test-method> <!-- testUnescape -->
        <test-method status="PASS" signature="testUnescape(java.lang.String, java.lang.String)[pri:0, instance:org.dellroad.hl7.HL7SepsTest@2c8dbf31]" name="testUnescape" duration-ms="0" started-at="2014-09-19T14:05:42Z" data-provider="unescapeData" finished-at="2014-09-19T14:05:42Z">
          <params>
            <param index="0">
              <value>
                <![CDATA[$foo]]>
              </value>
            </param>
            <param index="1">
              <value>
                <![CDATA[$foo]]>
              </value>
            </param>
          </params>
          <reporter-output>
          </reporter-output>
        </test-method> <!-- testUnescape -->
        <test-method status="PASS" signature="testUnescape(java.lang.String, java.lang.String)[pri:0, instance:org.dellroad.hl7.HL7SepsTest@2c8dbf31]" name="testUnescape" duration-ms="0" started-at="2014-09-19T14:05:42Z" data-provider="unescapeData" finished-at="2014-09-19T14:05:42Z">
          <params>
            <param index="0">
              <value>
                <![CDATA[$]]>
              </value>
            </param>
            <param index="1">
              <value>
                <![CDATA[$]]>
              </value>
            </param>
          </params>
          <reporter-output>
          </reporter-output>
        </test-method> <!-- testUnescape -->
        <test-method status="PASS" signature="testEscapeFail()[pri:0, instance:org.dellroad.hl7.HL7SepsTest@2c8dbf31]" name="testEscapeFail" duration-ms="0" started-at="2014-09-19T14:05:42Z" finished-at="2014-09-19T14:05:42Z">
          <reporter-output>
          </reporter-output>
        </test-method> <!-- testEscapeFail -->
        <test-method status="PASS" signature="testUnescape(java.lang.String, java.lang.String)[pri:0, instance:org.dellroad.hl7.HL7SepsTest@2c8dbf31]" name="testUnescape" duration-ms="0" started-at="2014-09-19T14:05:42Z" data-provider="unescapeData" finished-at="2014-09-19T14:05:42Z">
          <params>
            <param index="0">
              <value>
                <![CDATA[foo $bb$ bar]]>
              </value>
            </param>
            <param index="1">
              <value>
                <![CDATA[foo  bar]]>
              </value>
            </param>
          </params>
          <reporter-output>
          </reporter-output>
        </test-method> <!-- testUnescape -->
        <test-method status="PASS" signature="testBogus()[pri:0, instance:org.dellroad.hl7.HL7SepsTest@2c8dbf31]" name="testBogus" duration-ms="0" started-at="2014-09-19T14:05:42Z" finished-at="2014-09-19T14:05:42Z">
          <reporter-output>
          </reporter-output>
        </test-method> <!-- testBogus -->
        <test-method status="PASS" signature="testUnescape(java.lang.String, java.lang.String)[pri:0, instance:org.dellroad.hl7.HL7SepsTest@2c8dbf31]" name="testUnescape" duration-ms="0" started-at="2014-09-19T14:05:42Z" data-provider="unescapeData" finished-at="2014-09-19T14:05:42Z">
          <params>
            <param index="0">
              <value>
                <![CDATA[$foo$jam$bam]]>
              </value>
            </param>
            <param index="1">
              <value>
                <![CDATA[jam$bam]]>
              </value>
            </param>
          </params>
          <reporter-output>
          </reporter-output>
        </test-method> <!-- testUnescape -->
        <test-method status="PASS" signature="testUnescape(java.lang.String, java.lang.String)[pri:0, instance:org.dellroad.hl7.HL7SepsTest@2c8dbf31]" name="testUnescape" duration-ms="0" started-at="2014-09-19T14:05:42Z" data-provider="unescapeData" finished-at="2014-09-19T14:05:42Z">
          <params>
            <param index="0">
              <value>
                <![CDATA[foobar $jam$]]>
              </value>
            </param>
            <param index="1">
              <value>
                <![CDATA[foobar ]]>
              </value>
            </param>
          </params>
          <reporter-output>
          </reporter-output>
        </test-method> <!-- testUnescape -->
      </class> <!-- org.dellroad.hl7.HL7SepsTest -->
      <class name="org.dellroad.hl7.HL7FieldTest">
        <test-method status="PASS" signature="testSimple(java.lang.String)[pri:0, instance:org.dellroad.hl7.HL7FieldTest@6a7607a]" name="testSimple" duration-ms="0" started-at="2014-09-19T14:05:42Z" data-provider="simpleValues" finished-at="2014-09-19T14:05:42Z">
          <params>
            <param index="0">
              <value>
                <![CDATA[a b c]]>
              </value>
            </param>
          </params>
          <reporter-output>
          </reporter-output>
        </test-method> <!-- testSimple -->
        <test-method status="PASS" signature="testSimple(java.lang.String)[pri:0, instance:org.dellroad.hl7.HL7FieldTest@6a7607a]" name="testSimple" duration-ms="1" started-at="2014-09-19T14:05:42Z" data-provider="simpleValues" finished-at="2014-09-19T14:05:42Z">
          <params>
            <param index="0">
              <value>
                <![CDATA[|&^%$#@]]>
              </value>
            </param>
          </params>
          <reporter-output>
          </reporter-output>
        </test-method> <!-- testSimple -->
        <test-method status="PASS" signature="testSimple(java.lang.String)[pri:0, instance:org.dellroad.hl7.HL7FieldTest@6a7607a]" name="testSimple" duration-ms="0" started-at="2014-09-19T14:05:42Z" data-provider="simpleValues" finished-at="2014-09-19T14:05:42Z">
          <params>
            <param index="0">
              <value>
                <![CDATA[foo]]>
              </value>
            </param>
          </params>
          <reporter-output>
          </reporter-output>
        </test-method> <!-- testSimple -->
        <test-method status="PASS" signature="testSimple(java.lang.String)[pri:0, instance:org.dellroad.hl7.HL7FieldTest@6a7607a]" name="testSimple" duration-ms="0" started-at="2014-09-19T14:05:42Z" data-provider="simpleValues" finished-at="2014-09-19T14:05:42Z">
          <params>
            <param index="0">
              <value>
                <![CDATA[bar]]>
              </value>
            </param>
          </params>
          <reporter-output>
          </reporter-output>
        </test-method> <!-- testSimple -->
        <test-method status="PASS" signature="testSimple(java.lang.String)[pri:0, instance:org.dellroad.hl7.HL7FieldTest@6a7607a]" name="testSimple" duration-ms="0" started-at="2014-09-19T14:05:42Z" data-provider="simpleValues" finished-at="2014-09-19T14:05:42Z">
          <params>
            <param index="0">
              <value>
                <![CDATA[]]>
              </value>
            </param>
          </params>
          <reporter-output>
          </reporter-output>
        </test-method> <!-- testSimple -->
        <test-method status="PASS" signature="testRepeated([Ljava.lang.String;, java.lang.String)[pri:0, instance:org.dellroad.hl7.HL7FieldTest@6a7607a]" name="testRepeated" duration-ms="0" started-at="2014-09-19T14:05:42Z" data-provider="repeatedValues" finished-at="2014-09-19T14:05:42Z">
          <params>
            <param index="0">
              <value>
                <![CDATA[[Ljava.lang.String;@77b1a17a]]>
              </value>
            </param>
            <param index="1">
              <value>
                <![CDATA[abc]]>
              </value>
            </param>
          </params>
          <reporter-output>
          </reporter-output>
        </test-method> <!-- testRepeated -->
        <test-method status="PASS" signature="testRepeated([Ljava.lang.String;, java.lang.String)[pri:0, instance:org.dellroad.hl7.HL7FieldTest@6a7607a]" name="testRepeated" duration-ms="0" started-at="2014-09-19T14:05:42Z" data-provider="repeatedValues" finished-at="2014-09-19T14:05:42Z">
          <params>
            <param index="0">
              <value>
                <![CDATA[[Ljava.lang.String;@56b6d31c]]>
              </value>
            </param>
            <param index="1">
              <value>
                <![CDATA[abc~~def]]>
              </value>
            </param>
          </params>
          <reporter-output>
          </reporter-output>
        </test-method> <!-- testRepeated -->
        <test-method status="PASS" signature="testRepeated([Ljava.lang.String;, java.lang.String)[pri:0, instance:org.dellroad.hl7.HL7FieldTest@6a7607a]" name="testRepeated" duration-ms="0" started-at="2014-09-19T14:05:42Z" data-provider="repeatedValues" finished-at="2014-09-19T14:05:42Z">
          <params>
            <param index="0">
              <value>
                <![CDATA[[Ljava.lang.String;@52c11156]]>
              </value>
            </param>
            <param index="1">
              <value>
                <![CDATA[~a~~b~~c]]>
              </value>
            </param>
          </params>
          <reporter-output>
          </reporter-output>
        </test-method> <!-- testRepeated -->
        <test-method status="PASS" signature="testRepeated([Ljava.lang.String;, java.lang.String)[pri:0, instance:org.dellroad.hl7.HL7FieldTest@6a7607a]" name="testRepeated" duration-ms="0" started-at="2014-09-19T14:05:42Z" data-provider="repeatedValues" finished-at="2014-09-19T14:05:42Z">
          <params>
            <param index="0">
              <value>
                <![CDATA[[Ljava.lang.String;@7cddffbd]]>
              </value>
            </param>
            <param index="1">
              <value>
                <![CDATA[a\R\c~d\R\f]]>
              </value>
            </param>
          </params>
          <reporter-output>
          </reporter-output>
        </test-method> <!-- testRepeated -->
        <test-method status="PASS" signature="testRepeated([Ljava.lang.String;, java.lang.String)[pri:0, instance:org.dellroad.hl7.HL7FieldTest@6a7607a]" name="testRepeated" duration-ms="0" started-at="2014-09-19T14:05:42Z" data-provider="repeatedValues" finished-at="2014-09-19T14:05:42Z">
          <params>
            <param index="0">
              <value>
                <![CDATA[[Ljava.lang.String;@18893021]]>
              </value>
            </param>
            <param index="1">
              <value>
                <![CDATA[abc~def]]>
              </value>
            </param>
          </params>
          <reporter-output>
          </reporter-output>
        </test-method> <!-- testRepeated -->
        <test-method status="PASS" signature="testRepeated([Ljava.lang.String;, java.lang.String)[pri:0, instance:org.dellroad.hl7.HL7FieldTest@6a7607a]" name="testRepeated" duration-ms="0" started-at="2014-09-19T14:05:42Z" data-provider="repeatedValues" finished-at="2014-09-19T14:05:42Z">
          <params>
            <param index="0">
              <value>
                <![CDATA[[Ljava.lang.String;@2ee08dfa]]>
              </value>
            </param>
            <param index="1">
              <value>
                <![CDATA[~]]>
              </value>
            </param>
          </params>
          <reporter-output>
          </reporter-output>
        </test-method> <!-- testRepeated -->
        <test-method status="PASS" signature="testExceptions()[pri:0, instance:org.dellroad.hl7.HL7FieldTest@6a7607a]" name="testExceptions" duration-ms="0" started-at="2014-09-19T14:05:42Z" finished-at="2014-09-19T14:05:42Z">
          <reporter-output>
          </reporter-output>
        </test-method> <!-- testExceptions -->
        <test-method status="PASS" signature="testEmpty()[pri:0, instance:org.dellroad.hl7.HL7FieldTest@6a7607a]" name="testEmpty" duration-ms="0" started-at="2014-09-19T14:05:42Z" finished-at="2014-09-19T14:05:42Z">
          <reporter-output>
          </reporter-output>
        </test-method> <!-- testEmpty -->
        <test-method status="PASS" signature="testComplex(java.lang.String, [[[Ljava.lang.String;)[pri:0, instance:org.dellroad.hl7.HL7FieldTest@6a7607a]" name="testComplex" duration-ms="0" started-at="2014-09-19T14:05:42Z" data-provider="complexValues" finished-at="2014-09-19T14:05:42Z">
          <params>
            <param index="0">
              <value>
                <![CDATA[ab\F\cd&efg^hijk~foo^b&ar~bleh&&s~~adf^^a]]>
              </value>
            </param>
            <param index="1">
              <value>
                <![CDATA[[[[Ljava.lang.String;@39c0edb7]]>
              </value>
            </param>
          </params>
          <reporter-output>
          </reporter-output>
        </test-method> <!-- testComplex -->
        <test-method status="PASS" signature="testComplex(java.lang.String, [[[Ljava.lang.String;)[pri:0, instance:org.dellroad.hl7.HL7FieldTest@6a7607a]" name="testComplex" duration-ms="0" started-at="2014-09-19T14:05:42Z" data-provider="complexValues" finished-at="2014-09-19T14:05:42Z">
          <params>
            <param index="0">
              <value>
                <![CDATA[abc~def]]>
              </value>
            </param>
            <param index="1">
              <value>
                <![CDATA[[[[Ljava.lang.String;@231ae15a]]>
              </value>
            </param>
          </params>
          <reporter-output>
          </reporter-output>
        </test-method> <!-- testComplex -->
      </class> <!-- org.dellroad.hl7.HL7FieldTest -->
    </test> <!-- Unit Tests -->
  </suite> <!-- Unit Test Suite -->
</testng-results>
